{"/Users/federicososa/Documents/workspace/sample-app/src/components/RatingStars.vue": {"path":"/Users/federicososa/Documents/workspace/sample-app/src/components/RatingStars.vue","statementMap":{"0":{"start":{"line":3,"column":0},"end":{"line":5,"column":3}},"1":{"start":{"line":6,"column":12},"end":{"line":6,"column":26}},"2":{"start":{"line":7,"column":0},"end":{"line":29,"column":3}},"3":{"start":{"line":20,"column":17},"end":{"line":20,"column":26}},"4":{"start":{"line":21,"column":4},"end":{"line":21,"column":13}},"5":{"start":{"line":22,"column":23},"end":{"line":22,"column":25}},"6":{"start":{"line":23,"column":4},"end":{"line":26,"column":7}},"7":{"start":{"line":27,"column":4},"end":{"line":27,"column":24}},"8":{"start":{"line":31,"column":0},"end":{"line":31,"column":62}},"9":{"start":{"line":32,"column":0},"end":{"line":32,"column":24}},"10":{"start":{"line":33,"column":12},"end":{"line":33,"column":26}},"11":{"start":{"line":34,"column":17},"end":{"line":34,"column":32}},"12":{"start":{"line":36,"column":39},"end":{"line":36,"column":87}},"13":{"start":{"line":37,"column":4},"end":{"line":63,"column":34}},"14":{"start":{"line":39,"column":12},"end":{"line":43,"column":48}},"15":{"start":{"line":53,"column":12},"end":{"line":57,"column":48}},"16":{"start":{"line":65,"column":0},"end":{"line":65,"column":24}},"17":{"start":{"line":66,"column":1},"end":{"line":66,"column":48}}},"fnMap":{"0":{"name":"(anonymous_0)","decl":{"start":{"line":19,"column":9},"end":{"line":19,"column":10}},"loc":{"start":{"line":19,"column":32},"end":{"line":28,"column":3}},"line":19},"1":{"name":"render","decl":{"start":{"line":35,"column":9},"end":{"line":35,"column":15}},"loc":{"start":{"line":35,"column":63},"end":{"line":64,"column":1}},"line":35},"2":{"name":"(anonymous_2)","decl":{"start":{"line":38,"column":137},"end":{"line":38,"column":138}},"loc":{"start":{"line":38,"column":153},"end":{"line":44,"column":9}},"line":38},"3":{"name":"(anonymous_3)","decl":{"start":{"line":52,"column":141},"end":{"line":52,"column":142}},"loc":{"start":{"line":52,"column":157},"end":{"line":58,"column":9}},"line":52}},"branchMap":{"0":{"loc":{"start":{"line":45,"column":8},"end":{"line":51,"column":57}},"type":"cond-expr","locations":[{"start":{"line":46,"column":15},"end":{"line":50,"column":46}},{"start":{"line":51,"column":14},"end":{"line":51,"column":57}}],"line":45}},"s":{"0":2,"1":2,"2":2,"3":12,"4":12,"5":12,"6":12,"7":12,"8":2,"9":2,"10":2,"11":2,"12":12,"13":12,"14":88,"15":20,"16":2,"17":2},"f":{"0":12,"1":12,"2":88,"3":20},"b":{"0":[12,0]},"inputSourceMap":{"0":"{","1":"\"","2":"v","3":"e","4":"r","5":"s","6":"i","7":"o","8":"n","9":"\"","10":":","11":"3","12":",","13":"\"","14":"s","15":"o","16":"u","17":"r","18":"c","19":"e","20":"s","21":"\"","22":":","23":"[","24":"]","25":",","26":"\"","27":"n","28":"a","29":"m","30":"e","31":"s","32":"\"","33":":","34":"[","35":"]","36":",","37":"\"","38":"m","39":"a","40":"p","41":"p","42":"i","43":"n","44":"g","45":"s","46":"\"","47":":","48":"\"","49":"\"","50":",","51":"\"","52":"f","53":"i","54":"l","55":"e","56":"\"","57":":","58":"\"","59":"/","60":"U","61":"s","62":"e","63":"r","64":"s","65":"/","66":"f","67":"e","68":"d","69":"e","70":"r","71":"i","72":"c","73":"o","74":"s","75":"o","76":"s","77":"a","78":"/","79":"D","80":"o","81":"c","82":"u","83":"m","84":"e","85":"n","86":"t","87":"s","88":"/","89":"w","90":"o","91":"r","92":"k","93":"s","94":"p","95":"a","96":"c","97":"e","98":"/","99":"s","100":"a","101":"m","102":"p","103":"l","104":"e","105":"-","106":"a","107":"p","108":"p","109":"/","110":"s","111":"r","112":"c","113":"/","114":"c","115":"o","116":"m","117":"p","118":"o","119":"n","120":"e","121":"n","122":"t","123":"s","124":"/","125":"R","126":"a","127":"t","128":"i","129":"n","130":"g","131":"S","132":"t","133":"a","134":"r","135":"s","136":".","137":"v","138":"u","139":"e","140":"\"","141":",","142":"\"","143":"s","144":"o","145":"u","146":"r","147":"c","148":"e","149":"s","150":"C","151":"o","152":"n","153":"t","154":"e","155":"n","156":"t","157":"\"","158":":","159":"[","160":"]","161":"}"},"_coverageSchema":"1a1c01bbd47fc00a2c39e90264f33305004495a9","hash":"2bbdeb3ec39510c7539c5e4752bee89be7a9cc9b"}
,"/Users/federicososa/Documents/workspace/sample-app/src/components/ShowGallery.vue": {"path":"/Users/federicososa/Documents/workspace/sample-app/src/components/ShowGallery.vue","statementMap":{"0":{"start":{"line":3,"column":22},"end":{"line":7,"column":1}},"1":{"start":{"line":4,"column":2},"end":{"line":6,"column":4}},"2":{"start":{"line":8,"column":0},"end":{"line":10,"column":3}},"3":{"start":{"line":11,"column":21},"end":{"line":11,"column":74}},"4":{"start":{"line":12,"column":12},"end":{"line":12,"column":26}},"5":{"start":{"line":13,"column":0},"end":{"line":46,"column":3}},"6":{"start":{"line":28,"column":19},"end":{"line":28,"column":35}},"7":{"start":{"line":29,"column":25},"end":{"line":31,"column":6}},"8":{"start":{"line":30,"column":6},"end":{"line":30,"column":84}},"9":{"start":{"line":32,"column":19},"end":{"line":39,"column":5}},"10":{"start":{"line":33,"column":6},"end":{"line":38,"column":7}},"11":{"start":{"line":34,"column":8},"end":{"line":37,"column":11}},"12":{"start":{"line":40,"column":4},"end":{"line":44,"column":6}},"13":{"start":{"line":47,"column":0},"end":{"line":47,"column":13}},"14":{"start":{"line":48,"column":0},"end":{"line":48,"column":62}},"15":{"start":{"line":49,"column":0},"end":{"line":49,"column":24}},"16":{"start":{"line":50,"column":12},"end":{"line":50,"column":26}},"17":{"start":{"line":51,"column":17},"end":{"line":51,"column":32}},"18":{"start":{"line":52,"column":17},"end":{"line":52,"column":36}},"19":{"start":{"line":53,"column":17},"end":{"line":56,"column":1}},"20":{"start":{"line":58,"column":39},"end":{"line":58,"column":87}},"21":{"start":{"line":59,"column":30},"end":{"line":59,"column":69}},"22":{"start":{"line":60,"column":4},"end":{"line":86,"column":34}},"23":{"start":{"line":67,"column":71},"end":{"line":67,"column":102}},"24":{"start":{"line":73,"column":20},"end":{"line":76,"column":55}},"25":{"start":{"line":81,"column":71},"end":{"line":81,"column":103}},"26":{"start":{"line":88,"column":0},"end":{"line":88,"column":24}},"27":{"start":{"line":89,"column":1},"end":{"line":89,"column":48}}},"fnMap":{"0":{"name":"(anonymous_0)","decl":{"start":{"line":3,"column":54},"end":{"line":3,"column":55}},"loc":{"start":{"line":3,"column":69},"end":{"line":7,"column":1}},"line":3},"1":{"name":"(anonymous_1)","decl":{"start":{"line":27,"column":9},"end":{"line":27,"column":10}},"loc":{"start":{"line":27,"column":21},"end":{"line":45,"column":3}},"line":27},"2":{"name":"(anonymous_2)","decl":{"start":{"line":29,"column":45},"end":{"line":29,"column":46}},"loc":{"start":{"line":29,"column":57},"end":{"line":31,"column":5}},"line":29},"3":{"name":"(anonymous_3)","decl":{"start":{"line":32,"column":19},"end":{"line":32,"column":20}},"loc":{"start":{"line":32,"column":40},"end":{"line":39,"column":5}},"line":32},"4":{"name":"render","decl":{"start":{"line":57,"column":9},"end":{"line":57,"column":15}},"loc":{"start":{"line":57,"column":30},"end":{"line":87,"column":1}},"line":57},"5":{"name":"(anonymous_5)","decl":{"start":{"line":67,"column":51},"end":{"line":67,"column":52}},"loc":{"start":{"line":67,"column":69},"end":{"line":67,"column":104}},"line":67},"6":{"name":"(anonymous_6)","decl":{"start":{"line":72,"column":131},"end":{"line":72,"column":132}},"loc":{"start":{"line":72,"column":147},"end":{"line":77,"column":17}},"line":72},"7":{"name":"(anonymous_7)","decl":{"start":{"line":81,"column":51},"end":{"line":81,"column":52}},"loc":{"start":{"line":81,"column":69},"end":{"line":81,"column":105}},"line":81}},"branchMap":{"0":{"loc":{"start":{"line":3,"column":22},"end":{"line":7,"column":1}},"type":"binary-expr","locations":[{"start":{"line":3,"column":22},"end":{"line":3,"column":26}},{"start":{"line":3,"column":30},"end":{"line":3,"column":50}},{"start":{"line":3,"column":54},"end":{"line":7,"column":1}}],"line":3},"1":{"loc":{"start":{"line":4,"column":9},"end":{"line":6,"column":3}},"type":"cond-expr","locations":[{"start":{"line":4,"column":33},"end":{"line":4,"column":36}},{"start":{"line":4,"column":39},"end":{"line":6,"column":3}}],"line":4},"2":{"loc":{"start":{"line":4,"column":9},"end":{"line":4,"column":30}},"type":"binary-expr","locations":[{"start":{"line":4,"column":9},"end":{"line":4,"column":12}},{"start":{"line":4,"column":16},"end":{"line":4,"column":30}}],"line":4},"3":{"loc":{"start":{"line":30,"column":13},"end":{"line":30,"column":83}},"type":"binary-expr","locations":[{"start":{"line":30,"column":13},"end":{"line":30,"column":27}},{"start":{"line":30,"column":31},"end":{"line":30,"column":83}}],"line":30},"4":{"loc":{"start":{"line":33,"column":6},"end":{"line":38,"column":7}},"type":"if","locations":[{"start":{"line":33,"column":6},"end":{"line":38,"column":7}},{"start":{},"end":{}}],"line":33},"5":{"loc":{"start":{"line":35,"column":45},"end":{"line":35,"column":78}},"type":"cond-expr","locations":[{"start":{"line":35,"column":68},"end":{"line":35,"column":72}},{"start":{"line":35,"column":75},"end":{"line":35,"column":78}}],"line":35},"6":{"loc":{"start":{"line":67,"column":25},"end":{"line":67,"column":105}},"type":"binary-expr","locations":[{"start":{"line":67,"column":25},"end":{"line":67,"column":34}},{"start":{"line":67,"column":39},"end":{"line":67,"column":104}}],"line":67},"7":{"loc":{"start":{"line":81,"column":25},"end":{"line":81,"column":106}},"type":"binary-expr","locations":[{"start":{"line":81,"column":25},"end":{"line":81,"column":34}},{"start":{"line":81,"column":39},"end":{"line":81,"column":105}}],"line":81}},"s":{"0":1,"1":1,"2":1,"3":1,"4":1,"5":1,"6":4,"7":4,"8":8,"9":4,"10":0,"11":0,"12":4,"13":1,"14":1,"15":1,"16":1,"17":1,"18":1,"19":1,"20":8,"21":8,"22":8,"23":0,"24":22,"25":0,"26":1,"27":1},"f":{"0":1,"1":4,"2":8,"3":0,"4":8,"5":0,"6":22,"7":0},"b":{"0":[1,1,1],"1":[1,0],"2":[1,1],"3":[8,4],"4":[0,0],"5":[0,0],"6":[8,4],"7":[8,4]},"inputSourceMap":{"0":"{","1":"\"","2":"v","3":"e","4":"r","5":"s","6":"i","7":"o","8":"n","9":"\"","10":":","11":"3","12":",","13":"\"","14":"s","15":"o","16":"u","17":"r","18":"c","19":"e","20":"s","21":"\"","22":":","23":"[","24":"\"","25":"/","26":"U","27":"s","28":"e","29":"r","30":"s","31":"/","32":"f","33":"e","34":"d","35":"e","36":"r","37":"i","38":"c","39":"o","40":"s","41":"o","42":"s","43":"a","44":"/","45":"D","46":"o","47":"c","48":"u","49":"m","50":"e","51":"n","52":"t","53":"s","54":"/","55":"w","56":"o","57":"r","58":"k","59":"s","60":"p","61":"a","62":"c","63":"e","64":"/","65":"s","66":"a","67":"m","68":"p","69":"l","70":"e","71":"-","72":"a","73":"p","74":"p","75":"/","76":"s","77":"r","78":"c","79":"/","80":"c","81":"o","82":"m","83":"p","84":"o","85":"n","86":"e","87":"n","88":"t","89":"s","90":"/","91":"S","92":"h","93":"o","94":"w","95":"G","96":"a","97":"l","98":"l","99":"e","100":"r","101":"y","102":".","103":"v","104":"u","105":"e","106":"\"","107":"]","108":",","109":"\"","110":"n","111":"a","112":"m","113":"e","114":"s","115":"\"","116":":","117":"[","118":"]","119":",","120":"\"","121":"m","122":"a","123":"p","124":"p","125":"i","126":"n","127":"g","128":"s","129":"\"","130":":","131":"\"","132":";","133":";","134":";","135":";","136":";","137":";","138":";","139":";","140":";","141":";","142":"A","143":"A","144":"+","145":"B","146":"A","147":";","148":"A","149":"A","150":"E","151":"A","152":";","153":"A","154":"A","155":"E","156":"A","157":",","158":"k","159":"B","160":"A","161":"A","162":"e","163":",","164":"y","165":"B","166":"A","167":"A","168":"e","169":",","170":"E","171":"A","172":"A","173":"C","174":";","175":"E","176":"A","177":"C","178":"3","179":"B","180":",","181":"U","182":"A","183":"A","184":"U","185":",","186":"E","187":"A","188":"A","189":"E","190":";","191":"I","192":"A","193":"C","194":"R","195":",","196":"Q","197":"A","198":"A","199":"Q","200":";","201":"G","202":"A","203":"C","204":"X","205":";","206":"E","207":"A","208":"C","209":"D","210":",","211":"K","212":"A","213":"A","214":"K","215":",","216":"E","217":"A","218":"A","219":"E","220":";","221":"I","222":"A","223":"C","224":"H","225":",","226":"K","227":"A","228":"A","229":"K","230":",","231":"E","232":"A","233":"A","234":"E","235":";","236":"M","237":"A","238":"C","239":"H","240":",","241":"I","242":"A","243":"A","244":"I","245":",","246":"E","247":"A","248":"A","249":"E","250":",","251":"K","252":"A","253":"A","254":"q","255":"B","256":";","257":"M","258":"A","259":"C","260":"3","261":"B","262":",","263":"Q","264":"A","265":"A","266":"Q","267":",","268":"E","269":"A","270":"A","271":"E","272":";","273":"K","274":"A","275":"C","276":"b","277":";","278":"I","279":"A","280":"C","281":"D","282":",","283":"K","284":"A","285":"A","286":"K","287":",","288":"E","289":"A","290":"A","291":"E","292":";","293":"M","294":"A","295":"C","296":"H","297":",","298":"I","299":"A","300":"A","301":"I","302":",","303":"E","304":"A","305":"A","306":"E","307":",","308":"M","309":"A","310":"A","311":"M","312":";","313":"M","314":"A","315":"C","316":"Z","317":",","318":"Q","319":"A","320":"A","321":"Q","322":",","323":"E","324":"A","325":"A","326":"E","327":";","328":";","329":"G","330":"A","331":"E","332":"j","333":"B","334":";","335":"E","336":"A","337":"C","338":"D","339":",","340":"K","341":"A","342":"A","343":"K","344":",","345":"E","346":"A","347":"A","348":"L","349":";","350":"I","351":"A","352":"C","353":"I","354":",","355":"I","356":"A","357":"A","358":"M","359":",","360":"Q","361":"A","362":"A","363":"Q","364":",","365":"G","366":"A","367":"A","368":"G","369":",","370":"a","371":"A","372":"A","373":"G","374":",","375":"G","376":"A","377":"A","378":"e","379":";","380":"I","381":"A","382":"E","383":"n","384":"C","385":",","386":"I","387":"A","388":"A","389":"M","390":",","391":"c","392":"A","393":"A","394":"c","395":",","396":"G","397":"A","398":"A","399":"G","400":",","401":"k","402":"B","403":"A","404":"A","405":"Q","406":",","407":"E","408":"A","409":"A","410":"C","411":";","412":"M","413":"A","414":"C","415":"5","416":"B","417":",","418":"O","419":"A","420":"A","421":"Q","422":",","423":"Q","424":"A","425":"A","426":"Q","427":",","428":"C","429":"A","430":"A","431":"C","432":",","433":"K","434":"A","435":"A","436":"K","437":",","438":"I","439":"A","440":"A","441":"I","442":",","443":"Q","444":"A","445":"A","446":"Q","447":",","448":"C","449":"A","450":"A","451":"C","452":",","453":"K","454":"A","455":"A","456":"K","457":",","458":"C","459":"A","460":"A","461":"C","462":",","463":"W","464":"A","465":"A","466":"W","467":",","468":"G","469":"A","470":"A","471":"G","472":",","473":"E","474":"A","475":"A","476":"E","477":",","478":"I","479":"A","480":"A","481":"I","482":",","483":"M","484":"A","485":"A","486":"M","487":",","488":"C","489":"A","490":"A","491":"C","492":",","493":"U","494":"A","495":"A","496":"U","497":";","498":"I","499":"A","500":"C","501":"l","502":"F","503":",","504":"C","505":"A","506":"A","507":"C","508":",","509":"C","510":"A","511":"A","512":"C","513":";","514":"I","515":"A","516":"E","517":"F","518":",","519":"I","520":"A","521":"A","522":"M","523":",","524":"Q","525":"A","526":"A","527":"Q","528":",","529":"G","530":"A","531":"A","532":"G","533":",","534":"U","535":"A","536":"A","537":"C","538":",","539":"S","540":"A","541":"A","542":"i","543":"B","544":";","545":"M","546":"A","547":"C","548":"/","549":"B","550":",","551":"I","552":"A","553":"A","554":"I","555":",","556":"Q","557":"A","558":"A","559":"Q","560":",","561":"C","562":"A","563":"A","564":"C","565":",","566":"K","567":"A","568":"A","569":"K","570":",","571":"E","572":"A","573":"A","574":"E","575":";","576":"Q","577":"A","578":"C","579":"h","580":"B","581":",","582":"Q","583":"A","584":"A","585":"Q","586":",","587":"C","588":"A","589":"A","590":"C","591":",","592":"K","593":"A","594":"A","595":"K","596":",","597":"C","598":"A","599":"A","600":"C","601":",","602":"M","603":"A","604":"A","605":"M","606":",","607":"C","608":"A","609":"A","610":"C","611":";","612":"U","613":"A","614":"C","615":"l","616":"B","617":",","618":"I","619":"A","620":"A","621":"I","622":",","623":"E","624":"A","625":"A","626":"E","627":",","628":"Q","629":"A","630":"A","631":"Q","632":",","633":"C","634":"A","635":"A","636":"C","637":",","638":"K","639":"A","640":"A","641":"K","642":",","643":"C","644":"A","645":"A","646":"C","647":",","648":"U","649":"A","650":"A","651":"U","652":",","653":"I","654":"A","655":"A","656":"I","657":",","658":"S","659":"A","660":"A","661":"S","662":",","663":"K","664":"A","665":"A","666":"K","667":",","668":"M","669":"A","670":"A","671":"M","672":",","673":"G","674":"A","675":"A","676":"G","677":",","678":"C","679":"A","680":"A","681":"C","682":",","683":"G","684":"A","685":"A","686":"G","687":",","688":"G","689":"A","690":"A","691":"G","692":",","693":"G","694":"A","695":"A","696":"G","697":",","698":"C","699":"A","700":"A","701":"C","702":";","703":"U","704":"A","705":"C","706":"r","707":"E","708":",","709":"Q","710":"A","711":"A","712":"Q","713":",","714":"E","715":"A","716":"A","717":"E","718":";","719":"S","720":"A","721":"C","722":"b","723":",","724":"C","725":"A","726":"A","727":"C","728":";","729":";","730":"I","731":"A","732":"E","733":"V","734":",","735":"C","736":"A","737":"A","738":"C","739":";","740":"I","741":"A","742":"E","743":"D","744":",","745":"O","746":"A","747":"A","748":"O","749":";","750":"M","751":"A","752":"C","753":"H","754":",","755":"Q","756":"A","757":"A","758":"Q","759":";","760":"M","761":"A","762":"C","763":"R","764":",","765":"c","766":"A","767":"A","768":"c","769":";","770":"M","771":"A","772":"C","773":"d","774":",","775":"Q","776":"A","777":"A","778":"Q","779":";","780":"K","781":"A","782":"C","783":"X","784":";","785":"E","786":"A","787":"C","788":"L","789":";","790":"C","791":"A","792":"C","793":"H","794":",","795":"C","796":"A","797":"A","798":"C","799":"\"","800":",","801":"\"","802":"f","803":"i","804":"l","805":"e","806":"\"","807":":","808":"\"","809":"/","810":"U","811":"s","812":"e","813":"r","814":"s","815":"/","816":"f","817":"e","818":"d","819":"e","820":"r","821":"i","822":"c","823":"o","824":"s","825":"o","826":"s","827":"a","828":"/","829":"D","830":"o","831":"c","832":"u","833":"m","834":"e","835":"n","836":"t","837":"s","838":"/","839":"w","840":"o","841":"r","842":"k","843":"s","844":"p","845":"a","846":"c","847":"e","848":"/","849":"s","850":"a","851":"m","852":"p","853":"l","854":"e","855":"-","856":"a","857":"p","858":"p","859":"/","860":"s","861":"r","862":"c","863":"/","864":"c","865":"o","866":"m","867":"p","868":"o","869":"n","870":"e","871":"n","872":"t","873":"s","874":"/","875":"S","876":"h","877":"o","878":"w","879":"G","880":"a","881":"l","882":"l","883":"e","884":"r","885":"y","886":".","887":"v","888":"u","889":"e","890":"\"","891":",","892":"\"","893":"s","894":"o","895":"u","896":"r","897":"c","898":"e","899":"s","900":"C","901":"o","902":"n","903":"t","904":"e","905":"n","906":"t","907":"\"","908":":","909":"[","910":"\"","911":"<","912":"t","913":"e","914":"m","915":"p","916":"l","917":"a","918":"t","919":"e","920":">","921":"\\","922":"n","923":" ","924":" ","925":" ","926":" ","927":"<","928":"h","929":"2","930":" ","931":"v","932":"-","933":"t","934":"e","935":"x","936":"t","937":"=","938":"\\","939":"\"","940":"g","941":"e","942":"n","943":"r","944":"e","945":"\\","946":"\"","947":" ","948":"/","949":">","950":"\\","951":"n","952":"\\","953":"n","954":" ","955":" ","956":" ","957":" ","958":"<","959":"d","960":"i","961":"v","962":" ","963":"c","964":"l","965":"a","966":"s","967":"s","968":"=","969":"\\","970":"\"","971":"s","972":"l","973":"i","974":"d","975":"e","976":"r","977":"\\","978":"\"","979":">","980":"\\","981":"n","982":" ","983":" ","984":" ","985":" ","986":" ","987":" ","988":" ","989":" ","990":"<","991":"d","992":"i","993":"v","994":"\\","995":"n","996":" ","997":" ","998":" ","999":" ","1000":" ","1001":" ","1002":" ","1003":" ","1004":" ","1005":" ","1006":" ","1007":" ","1008":"c","1009":"l","1010":"a","1011":"s","1012":"s","1013":"=","1014":"\\","1015":"\"","1016":"s","1017":"l","1018":"i","1019":"d","1020":"e","1021":"r","1022":"_","1023":"_","1024":"n","1025":"a","1026":"v","1027":"i","1028":"g","1029":"a","1030":"t","1031":"i","1032":"o","1033":"n","1034":"\\","1035":"\"","1036":"\\","1037":"n","1038":" ","1039":" ","1040":" ","1041":" ","1042":" ","1043":" ","1044":" ","1045":" ","1046":" ","1047":" ","1048":" ","1049":" ","1050":":","1051":"c","1052":"l","1053":"a","1054":"s","1055":"s","1056":"=","1057":"\\","1058":"\"","1059":"{","1060":" ","1061":"'","1062":"s","1063":"l","1064":"i","1065":"d","1066":"e","1067":"r","1068":"_","1069":"_","1070":"n","1071":"a","1072":"v","1073":"i","1074":"g","1075":"a","1076":"t","1077":"i","1078":"o","1079":"n","1080":"-","1081":"i","1082":"n","1083":"v","1084":"i","1085":"s","1086":"i","1087":"b","1088":"l","1089":"e","1090":"'","1091":":","1092":" ","1093":"!","1094":"s","1095":"h","1096":"o","1097":"w","1098":"N","1099":"a","1100":"v","1101":"i","1102":"g","1103":"a","1104":"t","1105":"o","1106":"r","1107":"s","1108":" ","1109":"}","1110":"\\","1111":"\"","1112":"\\","1113":"n","1114":" ","1115":" ","1116":" ","1117":" ","1118":" ","1119":" ","1120":" ","1121":" ","1122":" ","1123":" ","1124":" ","1125":" ","1126":"@","1127":"c","1128":"l","1129":"i","1130":"c","1131":"k","1132":"=","1133":"\\","1134":"\"","1135":"n","1136":"a","1137":"v","1138":"i","1139":"g","1140":"a","1141":"t","1142":"e","1143":"(","1144":"'","1145":"l","1146":"e","1147":"f","1148":"t","1149":"'","1150":")","1151":"\\","1152":"\"","1153":"\\","1154":"n","1155":" ","1156":" ","1157":" ","1158":" ","1159":" ","1160":" ","1161":" ","1162":" ","1163":">","1164":"\\","1165":"n","1166":" ","1167":" ","1168":" ","1169":" ","1170":" ","1171":" ","1172":" ","1173":" ","1174":" ","1175":" ","1176":" ","1177":" ","1178":"<","1179":"f","1180":"o","1181":"n","1182":"t","1183":"-","1184":"a","1185":"w","1186":"e","1187":"s","1188":"o","1189":"m","1190":"e","1191":"-","1192":"i","1193":"c","1194":"o","1195":"n","1196":" ","1197":":","1198":"i","1199":"c","1200":"o","1201":"n","1202":"=","1203":"\\","1204":"\"","1205":"[","1206":"'","1207":"f","1208":"a","1209":"s","1210":"'","1211":",","1212":" ","1213":"'","1214":"c","1215":"h","1216":"e","1217":"v","1218":"r","1219":"o","1220":"n","1221":"-","1222":"l","1223":"e","1224":"f","1225":"t","1226":"'","1227":"]","1228":"\\","1229":"\"","1230":" ","1231":"/","1232":">","1233":"\\","1234":"n","1235":" ","1236":" ","1237":" ","1238":" ","1239":" ","1240":" ","1241":" ","1242":" ","1243":"<","1244":"/","1245":"d","1246":"i","1247":"v","1248":">","1249":"\\","1250":"n","1251":"\\","1252":"n","1253":" ","1254":" ","1255":" ","1256":" ","1257":" ","1258":" ","1259":" ","1260":" ","1261":"<","1262":"d","1263":"i","1264":"v","1265":" ","1266":"c","1267":"l","1268":"a","1269":"s","1270":"s","1271":"=","1272":"\\","1273":"\"","1274":"s","1275":"h","1276":"o","1277":"w","1278":"s","1279":"\\","1280":"\"","1281":" ","1282":"r","1283":"e","1284":"f","1285":"=","1286":"\\","1287":"\"","1288":"s","1289":"h","1290":"o","1291":"w","1292":"s","1293":"E","1294":"l","1295":"m","1296":"\\","1297":"\"","1298":">","1299":"\\","1300":"n","1301":" ","1302":" ","1303":" ","1304":" ","1305":" ","1306":" ","1307":" ","1308":" ","1309":" ","1310":" ","1311":" ","1312":" ","1313":"<","1314":"S","1315":"h","1316":"o","1317":"w","1318":"I","1319":"t","1320":"e","1321":"m","1322":"\\","1323":"n","1324":" ","1325":" ","1326":" ","1327":" ","1328":" ","1329":" ","1330":" ","1331":" ","1332":" ","1333":" ","1334":" ","1335":" ","1336":" ","1337":" ","1338":" ","1339":" ","1340":"v","1341":"-","1342":"f","1343":"o","1344":"r","1345":"=","1346":"\\","1347":"\"","1348":"s","1349":"h","1350":"o","1351":"w","1352":" ","1353":"i","1354":"n","1355":" ","1356":"s","1357":"h","1358":"o","1359":"w","1360":"s","1361":"\\","1362":"\"","1363":"\\","1364":"n","1365":" ","1366":" ","1367":" ","1368":" ","1369":" ","1370":" ","1371":" ","1372":" ","1373":" ","1374":" ","1375":" ","1376":" ","1377":" ","1378":" ","1379":" ","1380":" ","1381":":","1382":"k","1383":"e","1384":"y","1385":"=","1386":"\\","1387":"\"","1388":"s","1389":"h","1390":"o","1391":"w","1392":".","1393":"i","1394":"d","1395":"\\","1396":"\"","1397":"\\","1398":"n","1399":" ","1400":" ","1401":" ","1402":" ","1403":" ","1404":" ","1405":" ","1406":" ","1407":" ","1408":" ","1409":" ","1410":" ","1411":" ","1412":" ","1413":" ","1414":" ","1415":":","1416":"s","1417":"h","1418":"o","1419":"w","1420":"=","1421":"\\","1422":"\"","1423":"s","1424":"h","1425":"o","1426":"w","1427":"\\","1428":"\"","1429":"\\","1430":"n","1431":" ","1432":" ","1433":" ","1434":" ","1435":" ","1436":" ","1437":" ","1438":" ","1439":" ","1440":" ","1441":" ","1442":" ","1443":"/","1444":">","1445":"\\","1446":"n","1447":" ","1448":" ","1449":" ","1450":" ","1451":" ","1452":" ","1453":" ","1454":" ","1455":"<","1456":"/","1457":"d","1458":"i","1459":"v","1460":">","1461":"\\","1462":"n","1463":"\\","1464":"n","1465":" ","1466":" ","1467":" ","1468":" ","1469":" ","1470":" ","1471":" ","1472":" ","1473":"<","1474":"d","1475":"i","1476":"v","1477":"\\","1478":"n","1479":" ","1480":" ","1481":" ","1482":" ","1483":" ","1484":" ","1485":" ","1486":" ","1487":" ","1488":" ","1489":" ","1490":" ","1491":"c","1492":"l","1493":"a","1494":"s","1495":"s","1496":"=","1497":"\\","1498":"\"","1499":"s","1500":"l","1501":"i","1502":"d","1503":"e","1504":"r","1505":"_","1506":"_","1507":"n","1508":"a","1509":"v","1510":"i","1511":"g","1512":"a","1513":"t","1514":"i","1515":"o","1516":"n","1517":"\\","1518":"\"","1519":"\\","1520":"n","1521":" ","1522":" ","1523":" ","1524":" ","1525":" ","1526":" ","1527":" ","1528":" ","1529":" ","1530":" ","1531":" ","1532":" ","1533":":","1534":"c","1535":"l","1536":"a","1537":"s","1538":"s","1539":"=","1540":"\\","1541":"\"","1542":"{","1543":" ","1544":"'","1545":"s","1546":"l","1547":"i","1548":"d","1549":"e","1550":"r","1551":"_","1552":"_","1553":"n","1554":"a","1555":"v","1556":"i","1557":"g","1558":"a","1559":"t","1560":"i","1561":"o","1562":"n","1563":"-","1564":"i","1565":"n","1566":"v","1567":"i","1568":"s","1569":"i","1570":"b","1571":"l","1572":"e","1573":"'","1574":":","1575":" ","1576":"!","1577":"s","1578":"h","1579":"o","1580":"w","1581":"N","1582":"a","1583":"v","1584":"i","1585":"g","1586":"a","1587":"t","1588":"o","1589":"r","1590":"s","1591":" ","1592":"}","1593":"\\","1594":"\"","1595":"\\","1596":"n","1597":" ","1598":" ","1599":" ","1600":" ","1601":" ","1602":" ","1603":" ","1604":" ","1605":" ","1606":" ","1607":" ","1608":" ","1609":"@","1610":"c","1611":"l","1612":"i","1613":"c","1614":"k","1615":"=","1616":"\\","1617":"\"","1618":"n","1619":"a","1620":"v","1621":"i","1622":"g","1623":"a","1624":"t","1625":"e","1626":"(","1627":"'","1628":"r","1629":"i","1630":"g","1631":"h","1632":"t","1633":"'","1634":")","1635":"\\","1636":"\"","1637":"\\","1638":"n","1639":" ","1640":" ","1641":" ","1642":" ","1643":" ","1644":" ","1645":" ","1646":" ","1647":">","1648":"\\","1649":"n","1650":" ","1651":" ","1652":" ","1653":" ","1654":" ","1655":" ","1656":" ","1657":" ","1658":" ","1659":" ","1660":" ","1661":" ","1662":"<","1663":"f","1664":"o","1665":"n","1666":"t","1667":"-","1668":"a","1669":"w","1670":"e","1671":"s","1672":"o","1673":"m","1674":"e","1675":"-","1676":"i","1677":"c","1678":"o","1679":"n","1680":" ","1681":":","1682":"i","1683":"c","1684":"o","1685":"n","1686":"=","1687":"\\","1688":"\"","1689":"[","1690":"'","1691":"f","1692":"a","1693":"s","1694":"'","1695":",","1696":" ","1697":"'","1698":"c","1699":"h","1700":"e","1701":"v","1702":"r","1703":"o","1704":"n","1705":"-","1706":"r","1707":"i","1708":"g","1709":"h","1710":"t","1711":"'","1712":"]","1713":"\\","1714":"\"","1715":" ","1716":"/","1717":">","1718":"\\","1719":"n","1720":" ","1721":" ","1722":" ","1723":" ","1724":" ","1725":" ","1726":" ","1727":" ","1728":"<","1729":"/","1730":"d","1731":"i","1732":"v","1733":">","1734":"\\","1735":"n","1736":" ","1737":" ","1738":" ","1739":" ","1740":"<","1741":"/","1742":"d","1743":"i","1744":"v","1745":">","1746":"\\","1747":"n","1748":"<","1749":"/","1750":"t","1751":"e","1752":"m","1753":"p","1754":"l","1755":"a","1756":"t","1757":"e","1758":">","1759":"\\","1760":"n","1761":"\\","1762":"n","1763":"<","1764":"s","1765":"c","1766":"r","1767":"i","1768":"p","1769":"t","1770":" ","1771":"l","1772":"a","1773":"n","1774":"g","1775":"=","1776":"\\","1777":"\"","1778":"t","1779":"s","1780":"\\","1781":"\"","1782":">","1783":"\\","1784":"n","1785":"i","1786":"m","1787":"p","1788":"o","1789":"r","1790":"t","1791":" ","1792":"S","1793":"h","1794":"o","1795":"w","1796":"I","1797":"t","1798":"e","1799":"m","1800":" ","1801":"f","1802":"r","1803":"o","1804":"m","1805":" ","1806":"'","1807":"@","1808":"/","1809":"c","1810":"o","1811":"m","1812":"p","1813":"o","1814":"n","1815":"e","1816":"n","1817":"t","1818":"s","1819":"/","1820":"S","1821":"h","1822":"o","1823":"w","1824":"I","1825":"t","1826":"e","1827":"m","1828":".","1829":"v","1830":"u","1831":"e","1832":"'","1833":";","1834":"\\","1835":"n","1836":"i","1837":"m","1838":"p","1839":"o","1840":"r","1841":"t","1842":" ","1843":"{","1844":" ","1845":"S","1846":"h","1847":"o","1848":"w","1849":" ","1850":"}","1851":" ","1852":"f","1853":"r","1854":"o","1855":"m","1856":" ","1857":"'","1858":"@","1859":"/","1860":"t","1861":"y","1862":"p","1863":"e","1864":"s","1865":"'","1866":";","1867":"\\","1868":"n","1869":"i","1870":"m","1871":"p","1872":"o","1873":"r","1874":"t","1875":" ","1876":"{","1877":" ","1878":"d","1879":"e","1880":"f","1881":"i","1882":"n","1883":"e","1884":"C","1885":"o","1886":"m","1887":"p","1888":"o","1889":"n","1890":"e","1891":"n","1892":"t","1893":",","1894":" ","1895":"c","1896":"o","1897":"m","1898":"p","1899":"u","1900":"t","1901":"e","1902":"d","1903":",","1904":" ","1905":"r","1906":"e","1907":"f","1908":" ","1909":"}","1910":" ","1911":"f","1912":"r","1913":"o","1914":"m","1915":" ","1916":"'","1917":"v","1918":"u","1919":"e","1920":"'","1921":";","1922":"\\","1923":"n","1924":"\\","1925":"n","1926":"e","1927":"x","1928":"p","1929":"o","1930":"r","1931":"t","1932":" ","1933":"d","1934":"e","1935":"f","1936":"a","1937":"u","1938":"l","1939":"t","1940":" ","1941":"d","1942":"e","1943":"f","1944":"i","1945":"n","1946":"e","1947":"C","1948":"o","1949":"m","1950":"p","1951":"o","1952":"n","1953":"e","1954":"n","1955":"t","1956":"(","1957":"{","1958":"\\","1959":"n","1960":" ","1961":" ","1962":" ","1963":" ","1964":"c","1965":"o","1966":"m","1967":"p","1968":"o","1969":"n","1970":"e","1971":"n","1972":"t","1973":"s","1974":":","1975":" ","1976":"{","1977":"\\","1978":"n","1979":" ","1980":" ","1981":" ","1982":" ","1983":" ","1984":" ","1985":" ","1986":" ","1987":"S","1988":"h","1989":"o","1990":"w","1991":"I","1992":"t","1993":"e","1994":"m","1995":",","1996":"\\","1997":"n","1998":" ","1999":" ","2000":" ","2001":" ","2002":"}","2003":",","2004":"\\","2005":"n","2006":" ","2007":" ","2008":" ","2009":" ","2010":"p","2011":"r","2012":"o","2013":"p","2014":"s","2015":":","2016":" ","2017":"{","2018":"\\","2019":"n","2020":" ","2021":" ","2022":" ","2023":" ","2024":" ","2025":" ","2026":" ","2027":" ","2028":"s","2029":"h","2030":"o","2031":"w","2032":"s","2033":":","2034":" ","2035":"{","2036":"\\","2037":"n","2038":" ","2039":" ","2040":" ","2041":" ","2042":" ","2043":" ","2044":" ","2045":" ","2046":" ","2047":" ","2048":" ","2049":" ","2050":"t","2051":"y","2052":"p","2053":"e","2054":":","2055":" ","2056":"A","2057":"r","2058":"r","2059":"a","2060":"y","2061":" ","2062":"a","2063":"s","2064":" ","2065":"(","2066":")","2067":" ","2068":"=","2069":">","2070":" ","2071":"S","2072":"h","2073":"o","2074":"w","2075":"[","2076":"]","2077":",","2078":"\\","2079":"n","2080":" ","2081":" ","2082":" ","2083":" ","2084":" ","2085":" ","2086":" ","2087":" ","2088":" ","2089":" ","2090":" ","2091":" ","2092":"r","2093":"e","2094":"q","2095":"u","2096":"i","2097":"r","2098":"e","2099":"d","2100":":","2101":" ","2102":"t","2103":"r","2104":"u","2105":"e","2106":",","2107":"\\","2108":"n","2109":" ","2110":" ","2111":" ","2112":" ","2113":" ","2114":" ","2115":" ","2116":" ","2117":"}","2118":",","2119":"\\","2120":"n","2121":" ","2122":" ","2123":" ","2124":" ","2125":" ","2126":" ","2127":" ","2128":" ","2129":"g","2130":"e","2131":"n","2132":"r","2133":"e","2134":":","2135":" ","2136":"{","2137":"\\","2138":"n","2139":" ","2140":" ","2141":" ","2142":" ","2143":" ","2144":" ","2145":" ","2146":" ","2147":" ","2148":" ","2149":" ","2150":" ","2151":"t","2152":"y","2153":"p","2154":"e","2155":":","2156":" ","2157":"S","2158":"t","2159":"r","2160":"i","2161":"n","2162":"g","2163":",","2164":"\\","2165":"n","2166":" ","2167":" ","2168":" ","2169":" ","2170":" ","2171":" ","2172":" ","2173":" ","2174":" ","2175":" ","2176":" ","2177":" ","2178":"r","2179":"e","2180":"q","2181":"u","2182":"i","2183":"r","2184":"e","2185":"d","2186":":","2187":" ","2188":"t","2189":"r","2190":"u","2191":"e","2192":",","2193":"\\","2194":"n","2195":" ","2196":" ","2197":" ","2198":" ","2199":" ","2200":" ","2201":" ","2202":" ","2203":"}","2204":",","2205":"\\","2206":"n","2207":" ","2208":" ","2209":" ","2210":" ","2211":"}","2212":",","2213":"\\","2214":"n","2215":" ","2216":" ","2217":" ","2218":" ","2219":"s","2220":"e","2221":"t","2222":"u","2223":"p","2224":"(","2225":")","2226":" ","2227":"{","2228":"\\","2229":"n","2230":" ","2231":" ","2232":" ","2233":" ","2234":" ","2235":" ","2236":" ","2237":" ","2238":"c","2239":"o","2240":"n","2241":"s","2242":"t","2243":" ","2244":"s","2245":"h","2246":"o","2247":"w","2248":"s","2249":"E","2250":"l","2251":"m","2252":" ","2253":"=","2254":" ","2255":"r","2256":"e","2257":"f","2258":"<","2259":"H","2260":"T","2261":"M","2262":"L","2263":"E","2264":"l","2265":"e","2266":"m","2267":"e","2268":"n","2269":"t","2270":">","2271":"(","2272":")","2273":";","2274":"\\","2275":"n","2276":"\\","2277":"n","2278":" ","2279":" ","2280":" ","2281":" ","2282":" ","2283":" ","2284":" ","2285":" ","2286":"c","2287":"o","2288":"n","2289":"s","2290":"t","2291":" ","2292":"s","2293":"h","2294":"o","2295":"w","2296":"N","2297":"a","2298":"v","2299":"i","2300":"g","2301":"a","2302":"t","2303":"o","2304":"r","2305":"s","2306":" ","2307":"=","2308":" ","2309":"c","2310":"o","2311":"m","2312":"p","2313":"u","2314":"t","2315":"e","2316":"d","2317":"(","2318":"(","2319":")","2320":" ","2321":"=","2322":">","2323":" ","2324":"{","2325":"\\","2326":"n","2327":" ","2328":" ","2329":" ","2330":" ","2331":" ","2332":" ","2333":" ","2334":" ","2335":" ","2336":" ","2337":" ","2338":" ","2339":"r","2340":"e","2341":"t","2342":"u","2343":"r","2344":"n","2345":" ","2346":"(","2347":"s","2348":"h","2349":"o","2350":"w","2351":"s","2352":"E","2353":"l","2354":"m","2355":".","2356":"v","2357":"a","2358":"l","2359":"u","2360":"e","2361":" ","2362":"&","2363":"&","2364":" ","2365":"s","2366":"h","2367":"o","2368":"w","2369":"s","2370":"E","2371":"l","2372":"m","2373":".","2374":"v","2375":"a","2376":"l","2377":"u","2378":"e","2379":".","2380":"s","2381":"c","2382":"r","2383":"o","2384":"l","2385":"l","2386":"W","2387":"i","2388":"d","2389":"t","2390":"h","2391":" ","2392":"+","2393":" ","2394":"8","2395":"0","2396":" ","2397":">","2398":"=","2399":" ","2400":"w","2401":"i","2402":"n","2403":"d","2404":"o","2405":"w","2406":".","2407":"i","2408":"n","2409":"n","2410":"e","2411":"r","2412":"W","2413":"i","2414":"d","2415":"t","2416":"h","2417":")","2418":";","2419":"\\","2420":"n","2421":" ","2422":" ","2423":" ","2424":" ","2425":" ","2426":" ","2427":" ","2428":" ","2429":"}","2430":")","2431":";","2432":"\\","2433":"n","2434":"\\","2435":"n","2436":" ","2437":" ","2438":" ","2439":" ","2440":" ","2441":" ","2442":" ","2443":" ","2444":"c","2445":"o","2446":"n","2447":"s","2448":"t","2449":" ","2450":"n","2451":"a","2452":"v","2453":"i","2454":"g","2455":"a","2456":"t","2457":"e","2458":" ","2459":"=","2460":" ","2461":"(","2462":"d","2463":"i","2464":"r","2465":"e","2466":"c","2467":"t","2468":"i","2469":"o","2470":"n","2471":":","2472":" ","2473":"s","2474":"t","2475":"r","2476":"i","2477":"n","2478":"g","2479":")","2480":":","2481":" ","2482":"v","2483":"o","2484":"i","2485":"d","2486":" ","2487":"=","2488":">","2489":" ","2490":"{","2491":"\\","2492":"n","2493":" ","2494":" ","2495":" ","2496":" ","2497":" ","2498":" ","2499":" ","2500":" ","2501":" ","2502":" ","2503":" ","2504":" ","2505":"i","2506":"f","2507":" ","2508":"(","2509":"s","2510":"h","2511":"o","2512":"w","2513":"s","2514":"E","2515":"l","2516":"m","2517":".","2518":"v","2519":"a","2520":"l","2521":"u","2522":"e","2523":")","2524":" ","2525":"{","2526":"\\","2527":"n","2528":" ","2529":" ","2530":" ","2531":" ","2532":" ","2533":" ","2534":" ","2535":" ","2536":" ","2537":" ","2538":" ","2539":" ","2540":" ","2541":" ","2542":" ","2543":" ","2544":"s","2545":"h","2546":"o","2547":"w","2548":"s","2549":"E","2550":"l","2551":"m","2552":".","2553":"v","2554":"a","2555":"l","2556":"u","2557":"e","2558":".","2559":"s","2560":"c","2561":"r","2562":"o","2563":"l","2564":"l","2565":"(","2566":"{","2567":"\\","2568":"n","2569":" ","2570":" ","2571":" ","2572":" ","2573":" ","2574":" ","2575":" ","2576":" ","2577":" ","2578":" ","2579":" ","2580":" ","2581":" ","2582":" ","2583":" ","2584":" ","2585":" ","2586":" ","2587":" ","2588":" ","2589":"l","2590":"e","2591":"f","2592":"t","2593":":","2594":" ","2595":"s","2596":"h","2597":"o","2598":"w","2599":"s","2600":"E","2601":"l","2602":"m","2603":".","2604":"v","2605":"a","2606":"l","2607":"u","2608":"e","2609":".","2610":"s","2611":"c","2612":"r","2613":"o","2614":"l","2615":"l","2616":"L","2617":"e","2618":"f","2619":"t","2620":" ","2621":"+","2622":" ","2623":"(","2624":"d","2625":"i","2626":"r","2627":"e","2628":"c","2629":"t","2630":"i","2631":"o","2632":"n","2633":" ","2634":"=","2635":"=","2636":"=","2637":" ","2638":"'","2639":"l","2640":"e","2641":"f","2642":"t","2643":"'","2644":" ","2645":"?","2646":" ","2647":"-","2648":"3","2649":"2","2650":"0","2651":" ","2652":":","2653":" ","2654":"3","2655":"2","2656":"0","2657":")","2658":",","2659":"\\","2660":"n","2661":" ","2662":" ","2663":" ","2664":" ","2665":" ","2666":" ","2667":" ","2668":" ","2669":" ","2670":" ","2671":" ","2672":" ","2673":" ","2674":" ","2675":" ","2676":" ","2677":" ","2678":" ","2679":" ","2680":" ","2681":"b","2682":"e","2683":"h","2684":"a","2685":"v","2686":"i","2687":"o","2688":"r","2689":":","2690":" ","2691":"'","2692":"s","2693":"m","2694":"o","2695":"o","2696":"t","2697":"h","2698":"'","2699":"\\","2700":"n","2701":" ","2702":" ","2703":" ","2704":" ","2705":" ","2706":" ","2707":" ","2708":" ","2709":" ","2710":" ","2711":" ","2712":" ","2713":" ","2714":" ","2715":" ","2716":" ","2717":"}","2718":")","2719":";","2720":"\\","2721":"n","2722":" ","2723":" ","2724":" ","2725":" ","2726":" ","2727":" ","2728":" ","2729":" ","2730":" ","2731":" ","2732":" ","2733":" ","2734":"}","2735":"\\","2736":"n","2737":" ","2738":" ","2739":" ","2740":" ","2741":" ","2742":" ","2743":" ","2744":" ","2745":"}","2746":";","2747":"\\","2748":"n","2749":"\\","2750":"n","2751":" ","2752":" ","2753":" ","2754":" ","2755":" ","2756":" ","2757":" ","2758":" ","2759":"r","2760":"e","2761":"t","2762":"u","2763":"r","2764":"n","2765":" ","2766":"{","2767":"\\","2768":"n","2769":" ","2770":" ","2771":" ","2772":" ","2773":" ","2774":" ","2775":" ","2776":" ","2777":" ","2778":" ","2779":" ","2780":" ","2781":"s","2782":"h","2783":"o","2784":"w","2785":"s","2786":"E","2787":"l","2788":"m","2789":",","2790":"\\","2791":"n","2792":" ","2793":" ","2794":" ","2795":" ","2796":" ","2797":" ","2798":" ","2799":" ","2800":" ","2801":" ","2802":" ","2803":" ","2804":"s","2805":"h","2806":"o","2807":"w","2808":"N","2809":"a","2810":"v","2811":"i","2812":"g","2813":"a","2814":"t","2815":"o","2816":"r","2817":"s","2818":",","2819":"\\","2820":"n","2821":" ","2822":" ","2823":" ","2824":" ","2825":" ","2826":" ","2827":" ","2828":" ","2829":" ","2830":" ","2831":" ","2832":" ","2833":"n","2834":"a","2835":"v","2836":"i","2837":"g","2838":"a","2839":"t","2840":"e","2841":",","2842":"\\","2843":"n","2844":" ","2845":" ","2846":" ","2847":" ","2848":" ","2849":" ","2850":" ","2851":" ","2852":"}","2853":";","2854":"\\","2855":"n","2856":" ","2857":" ","2858":" ","2859":" ","2860":"}","2861":",","2862":"\\","2863":"n","2864":"}","2865":")","2866":";","2867":"\\","2868":"n","2869":"<","2870":"/","2871":"s","2872":"c","2873":"r","2874":"i","2875":"p","2876":"t","2877":">","2878":"\\","2879":"n","2880":"\\","2881":"n","2882":"<","2883":"s","2884":"t","2885":"y","2886":"l","2887":"e","2888":" ","2889":"l","2890":"a","2891":"n","2892":"g","2893":"=","2894":"\\","2895":"\"","2896":"s","2897":"c","2898":"s","2899":"s","2900":"\\","2901":"\"","2902":" ","2903":"s","2904":"c","2905":"o","2906":"p","2907":"e","2908":"d","2909":">","2910":"\\","2911":"n","2912":"h","2913":"2","2914":" ","2915":"{","2916":"\\","2917":"n","2918":" ","2919":" ","2920":" ","2921":" ","2922":"m","2923":"a","2924":"r","2925":"g","2926":"i","2927":"n","2928":"-","2929":"l","2930":"e","2931":"f","2932":"t","2933":":","2934":" ","2935":"7","2936":"0","2937":"p","2938":"x","2939":";","2940":"\\","2941":"n","2942":"}","2943":"\\","2944":"n","2945":"\\","2946":"n","2947":".","2948":"s","2949":"l","2950":"i","2951":"d","2952":"e","2953":"r","2954":" ","2955":"{","2956":"\\","2957":"n","2958":" ","2959":" ","2960":" ","2961":" ","2962":"d","2963":"i","2964":"s","2965":"p","2966":"l","2967":"a","2968":"y","2969":":","2970":" ","2971":"f","2972":"l","2973":"e","2974":"x","2975":";","2976":"\\","2977":"n","2978":" ","2979":" ","2980":" ","2981":" ","2982":"c","2983":"o","2984":"l","2985":"u","2986":"m","2987":"n","2988":"-","2989":"g","2990":"a","2991":"p","2992":":","2993":" ","2994":"1","2995":"0","2996":"p","2997":"x","2998":";","2999":"\\","3000":"n","3001":"\\","3002":"n","3003":" ","3004":" ","3005":" ","3006":" ","3007":".","3008":"s","3009":"l","3010":"i","3011":"d","3012":"e","3013":"r","3014":"_","3015":"_","3016":"n","3017":"a","3018":"v","3019":"i","3020":"g","3021":"a","3022":"t","3023":"i","3024":"o","3025":"n","3026":" ","3027":"{","3028":"\\","3029":"n","3030":" ","3031":" ","3032":" ","3033":" ","3034":" ","3035":" ","3036":" ","3037":" ","3038":"h","3039":"e","3040":"i","3041":"g","3042":"h","3043":"t","3044":":","3045":" ","3046":"2","3047":"9","3048":"5","3049":"p","3050":"x","3051":";","3052":"\\","3053":"n","3054":" ","3055":" ","3056":" ","3057":" ","3058":" ","3059":" ","3060":" ","3061":" ","3062":"c","3063":"u","3064":"r","3065":"s","3066":"o","3067":"r","3068":":","3069":" ","3070":"p","3071":"o","3072":"i","3073":"n","3074":"t","3075":"e","3076":"r","3077":";","3078":"\\","3079":"n","3080":" ","3081":" ","3082":" ","3083":" ","3084":" ","3085":" ","3086":" ","3087":" ","3088":"b","3089":"o","3090":"r","3091":"d","3092":"e","3093":"r","3094":"-","3095":"r","3096":"a","3097":"d","3098":"i","3099":"u","3100":"s","3101":":","3102":" ","3103":"5","3104":"p","3105":"x","3106":";","3107":"\\","3108":"n","3109":"\\","3110":"n","3111":" ","3112":" ","3113":" ","3114":" ","3115":" ","3116":" ","3117":" ","3118":" ","3119":"&","3120":".","3121":"s","3122":"l","3123":"i","3124":"d","3125":"e","3126":"r","3127":"_","3128":"_","3129":"n","3130":"a","3131":"v","3132":"i","3133":"g","3134":"a","3135":"t","3136":"i","3137":"o","3138":"n","3139":"-","3140":"i","3141":"n","3142":"v","3143":"i","3144":"s","3145":"i","3146":"b","3147":"l","3148":"e","3149":" ","3150":"{","3151":"\\","3152":"n","3153":" ","3154":" ","3155":" ","3156":" ","3157":" ","3158":" ","3159":" ","3160":" ","3161":" ","3162":" ","3163":" ","3164":" ","3165":"v","3166":"i","3167":"s","3168":"i","3169":"b","3170":"i","3171":"l","3172":"i","3173":"t","3174":"y","3175":":","3176":" ","3177":"h","3178":"i","3179":"d","3180":"d","3181":"e","3182":"n","3183":";","3184":"\\","3185":"n","3186":" ","3187":" ","3188":" ","3189":" ","3190":" ","3191":" ","3192":" ","3193":" ","3194":"}","3195":"\\","3196":"n","3197":"\\","3198":"n","3199":" ","3200":" ","3201":" ","3202":" ","3203":" ","3204":" ","3205":" ","3206":" ","3207":"&","3208":":","3209":"h","3210":"o","3211":"v","3212":"e","3213":"r","3214":" ","3215":"{","3216":"\\","3217":"n","3218":" ","3219":" ","3220":" ","3221":" ","3222":" ","3223":" ","3224":" ","3225":" ","3226":" ","3227":" ","3228":" ","3229":" ","3230":"b","3231":"a","3232":"c","3233":"k","3234":"g","3235":"r","3236":"o","3237":"u","3238":"n","3239":"d","3240":"-","3241":"c","3242":"o","3243":"l","3244":"o","3245":"r","3246":":","3247":" ","3248":"#","3249":"2","3250":"c","3251":"3","3252":"e","3253":"5","3254":"0","3255":";","3256":"\\","3257":"n","3258":" ","3259":" ","3260":" ","3261":" ","3262":" ","3263":" ","3264":" ","3265":" ","3266":"}","3267":"\\","3268":"n","3269":"\\","3270":"n","3271":" ","3272":" ","3273":" ","3274":" ","3275":" ","3276":" ","3277":" ","3278":" ","3279":"s","3280":"v","3281":"g","3282":" ","3283":"{","3284":"\\","3285":"n","3286":" ","3287":" ","3288":" ","3289":" ","3290":" ","3291":" ","3292":" ","3293":" ","3294":" ","3295":" ","3296":" ","3297":" ","3298":"p","3299":"a","3300":"d","3301":"d","3302":"i","3303":"n","3304":"g","3305":":","3306":" ","3307":"0","3308":";","3309":"\\","3310":"n","3311":" ","3312":" ","3313":" ","3314":" ","3315":" ","3316":" ","3317":" ","3318":" ","3319":" ","3320":" ","3321":" ","3322":" ","3323":"m","3324":"a","3325":"r","3326":"g","3327":"i","3328":"n","3329":"-","3330":"t","3331":"o","3332":"p","3333":":","3334":" ","3335":"1","3336":"1","3337":"0","3338":"p","3339":"x","3340":";","3341":"\\","3342":"n","3343":" ","3344":" ","3345":" ","3346":" ","3347":" ","3348":" ","3349":" ","3350":" ","3351":" ","3352":" ","3353":" ","3354":" ","3355":"p","3356":"a","3357":"d","3358":"d","3359":"i","3360":"n","3361":"g","3362":":","3363":" ","3364":"2","3365":"0","3366":"p","3367":"x","3368":";","3369":"\\","3370":"n","3371":" ","3372":" ","3373":" ","3374":" ","3375":" ","3376":" ","3377":" ","3378":" ","3379":"}","3380":"\\","3381":"n","3382":" ","3383":" ","3384":" ","3385":" ","3386":"}","3387":"\\","3388":"n","3389":"\\","3390":"n","3391":" ","3392":" ","3393":" ","3394":" ","3395":".","3396":"s","3397":"h","3398":"o","3399":"w","3400":"s","3401":" ","3402":"{","3403":"\\","3404":"n","3405":" ","3406":" ","3407":" ","3408":" ","3409":" ","3410":" ","3411":" ","3412":" ","3413":"d","3414":"i","3415":"s","3416":"p","3417":"l","3418":"a","3419":"y","3420":":","3421":" ","3422":"f","3423":"l","3424":"e","3425":"x","3426":";","3427":"\\","3428":"n","3429":" ","3430":" ","3431":" ","3432":" ","3433":" ","3434":" ","3435":" ","3436":" ","3437":"c","3438":"o","3439":"l","3440":"u","3441":"m","3442":"n","3443":"-","3444":"g","3445":"a","3446":"p","3447":":","3448":" ","3449":"2","3450":"0","3451":"p","3452":"x","3453":";","3454":"\\","3455":"n","3456":" ","3457":" ","3458":" ","3459":" ","3460":" ","3461":" ","3462":" ","3463":" ","3464":"p","3465":"a","3466":"d","3467":"d","3468":"i","3469":"n","3470":"g","3471":"-","3472":"b","3473":"o","3474":"t","3475":"t","3476":"o","3477":"m","3478":":","3479":" ","3480":"5","3481":"0","3482":"p","3483":"x","3484":";","3485":"\\","3486":"n","3487":" ","3488":" ","3489":" ","3490":" ","3491":" ","3492":" ","3493":" ","3494":" ","3495":"o","3496":"v","3497":"e","3498":"r","3499":"f","3500":"l","3501":"o","3502":"w","3503":"-","3504":"x","3505":":","3506":" ","3507":"a","3508":"u","3509":"t","3510":"o","3511":";","3512":"\\","3513":"n","3514":"\\","3515":"n","3516":" ","3517":" ","3518":" ","3519":" ","3520":" ","3521":" ","3522":" ","3523":" ","3524":"&","3525":":","3526":":","3527":"-","3528":"w","3529":"e","3530":"b","3531":"k","3532":"i","3533":"t","3534":"-","3535":"s","3536":"c","3537":"r","3538":"o","3539":"l","3540":"l","3541":"b","3542":"a","3543":"r","3544":" ","3545":"{","3546":"\\","3547":"n","3548":" ","3549":" ","3550":" ","3551":" ","3552":" ","3553":" ","3554":" ","3555":" ","3556":" ","3557":" ","3558":" ","3559":" ","3560":"d","3561":"i","3562":"s","3563":"p","3564":"l","3565":"a","3566":"y","3567":":","3568":" ","3569":"n","3570":"o","3571":"n","3572":"e","3573":";","3574":"\\","3575":"n","3576":" ","3577":" ","3578":" ","3579":" ","3580":" ","3581":" ","3582":" ","3583":" ","3584":"}","3585":"\\","3586":"n","3587":" ","3588":" ","3589":" ","3590":" ","3591":"}","3592":"\\","3593":"n","3594":"}","3595":"\\","3596":"n","3597":"\\","3598":"n","3599":"@","3600":"m","3601":"e","3602":"d","3603":"i","3604":"a","3605":" ","3606":"o","3607":"n","3608":"l","3609":"y","3610":" ","3611":"s","3612":"c","3613":"r","3614":"e","3615":"e","3616":"n","3617":" ","3618":"a","3619":"n","3620":"d","3621":" ","3622":"(","3623":"m","3624":"a","3625":"x","3626":"-","3627":"w","3628":"i","3629":"d","3630":"t","3631":"h","3632":":","3633":" ","3634":"7","3635":"6","3636":"8","3637":"p","3638":"x","3639":")","3640":" ","3641":"{","3642":"\\","3643":"n","3644":" ","3645":" ","3646":" ","3647":" ","3648":"h","3649":"2","3650":" ","3651":"{","3652":"\\","3653":"n","3654":" ","3655":" ","3656":" ","3657":" ","3658":" ","3659":" ","3660":" ","3661":" ","3662":"m","3663":"a","3664":"r","3665":"g","3666":"i","3667":"n","3668":"-","3669":"l","3670":"e","3671":"f","3672":"t","3673":":","3674":" ","3675":"4","3676":"0","3677":"p","3678":"x","3679":";","3680":"\\","3681":"n","3682":" ","3683":" ","3684":" ","3685":" ","3686":"}","3687":"\\","3688":"n","3689":"\\","3690":"n","3691":" ","3692":" ","3693":" ","3694":" ","3695":".","3696":"s","3697":"l","3698":"i","3699":"d","3700":"e","3701":"r","3702":" ","3703":"{","3704":"\\","3705":"n","3706":" ","3707":" ","3708":" ","3709":" ","3710":" ","3711":" ","3712":" ","3713":" ","3714":"c","3715":"o","3716":"l","3717":"u","3718":"m","3719":"n","3720":"-","3721":"g","3722":"a","3723":"p","3724":":","3725":" ","3726":"5","3727":"p","3728":"x","3729":";","3730":"\\","3731":"n","3732":"\\","3733":"n","3734":" ","3735":" ","3736":" ","3737":" ","3738":" ","3739":" ","3740":" ","3741":" ","3742":".","3743":"s","3744":"l","3745":"i","3746":"d","3747":"e","3748":"r","3749":"_","3750":"_","3751":"n","3752":"a","3753":"v","3754":"i","3755":"g","3756":"a","3757":"t","3758":"i","3759":"o","3760":"n","3761":" ","3762":"{","3763":"\\","3764":"n","3765":" ","3766":" ","3767":" ","3768":" ","3769":" ","3770":" ","3771":" ","3772":" ","3773":" ","3774":" ","3775":" ","3776":" ","3777":"h","3778":"e","3779":"i","3780":"g","3781":"h","3782":"t","3783":":","3784":" ","3785":"1","3786":"9","3787":"7","3788":"p","3789":"x","3790":";","3791":"\\","3792":"n","3793":"\\","3794":"n","3795":" ","3796":" ","3797":" ","3798":" ","3799":" ","3800":" ","3801":" ","3802":" ","3803":" ","3804":" ","3805":" ","3806":" ","3807":"s","3808":"v","3809":"g","3810":" ","3811":"{","3812":"\\","3813":"n","3814":" ","3815":" ","3816":" ","3817":" ","3818":" ","3819":" ","3820":" ","3821":" ","3822":" ","3823":" ","3824":" ","3825":" ","3826":" ","3827":" ","3828":" ","3829":" ","3830":"p","3831":"a","3832":"d","3833":"d","3834":"i","3835":"n","3836":"g","3837":":","3838":" ","3839":"5","3840":"p","3841":"x","3842":";","3843":"\\","3844":"n","3845":" ","3846":" ","3847":" ","3848":" ","3849":" ","3850":" ","3851":" ","3852":" ","3853":" ","3854":" ","3855":" ","3856":" ","3857":" ","3858":" ","3859":" ","3860":" ","3861":"m","3862":"a","3863":"r","3864":"g","3865":"i","3866":"n","3867":"-","3868":"t","3869":"o","3870":"p","3871":":","3872":" ","3873":"8","3874":"0","3875":"p","3876":"x","3877":";","3878":"\\","3879":"n","3880":" ","3881":" ","3882":" ","3883":" ","3884":" ","3885":" ","3886":" ","3887":" ","3888":" ","3889":" ","3890":" ","3891":" ","3892":"}","3893":"\\","3894":"n","3895":" ","3896":" ","3897":" ","3898":" ","3899":" ","3900":" ","3901":" ","3902":" ","3903":"}","3904":"\\","3905":"n","3906":"\\","3907":"n","3908":" ","3909":" ","3910":" ","3911":" ","3912":" ","3913":" ","3914":" ","3915":" ","3916":".","3917":"s","3918":"h","3919":"o","3920":"w","3921":"s","3922":" ","3923":"{","3924":"\\","3925":"n","3926":" ","3927":" ","3928":" ","3929":" ","3930":" ","3931":" ","3932":" ","3933":" ","3934":" ","3935":" ","3936":" ","3937":" ","3938":"c","3939":"o","3940":"l","3941":"u","3942":"m","3943":"n","3944":"-","3945":"g","3946":"a","3947":"p","3948":":","3949":" ","3950":"5","3951":"p","3952":"x","3953":";","3954":"\\","3955":"n","3956":" ","3957":" ","3958":" ","3959":" ","3960":" ","3961":" ","3962":" ","3963":" ","3964":" ","3965":" ","3966":" ","3967":" ","3968":"p","3969":"a","3970":"d","3971":"d","3972":"i","3973":"n","3974":"g","3975":"-","3976":"b","3977":"o","3978":"t","3979":"t","3980":"o","3981":"m","3982":":","3983":" ","3984":"0","3985":";","3986":"\\","3987":"n","3988":" ","3989":" ","3990":" ","3991":" ","3992":" ","3993":" ","3994":" ","3995":" ","3996":"}","3997":"\\","3998":"n","3999":" ","4000":" ","4001":" ","4002":" ","4003":"}","4004":"\\","4005":"n","4006":"}","4007":"\\","4008":"n","4009":"<","4010":"/","4011":"s","4012":"t","4013":"y","4014":"l","4015":"e","4016":">","4017":"\\","4018":"n","4019":"\"","4020":"]","4021":"}"},"_coverageSchema":"1a1c01bbd47fc00a2c39e90264f33305004495a9","hash":"599f7e2eebc29a497f4268553f6d8163653a83ae"}
,"/Users/federicososa/Documents/workspace/sample-app/src/components/ShowInfo.vue": {"path":"/Users/federicososa/Documents/workspace/sample-app/src/components/ShowInfo.vue","statementMap":{"0":{"start":{"line":5,"column":22},"end":{"line":9,"column":1}},"1":{"start":{"line":6,"column":2},"end":{"line":8,"column":4}},"2":{"start":{"line":10,"column":0},"end":{"line":12,"column":3}},"3":{"start":{"line":13,"column":24},"end":{"line":13,"column":80}},"4":{"start":{"line":14,"column":14},"end":{"line":14,"column":35}},"5":{"start":{"line":15,"column":12},"end":{"line":15,"column":26}},"6":{"start":{"line":16,"column":19},"end":{"line":16,"column":40}},"7":{"start":{"line":17,"column":0},"end":{"line":64,"column":3}},"8":{"start":{"line":32,"column":24},"end":{"line":32,"column":40}},"9":{"start":{"line":33,"column":20},"end":{"line":33,"column":36}},"10":{"start":{"line":34,"column":29},"end":{"line":34,"column":50}},"11":{"start":{"line":35,"column":4},"end":{"line":42,"column":5}},"12":{"start":{"line":36,"column":6},"end":{"line":38,"column":7}},"13":{"start":{"line":37,"column":8},"end":{"line":37,"column":76}},"14":{"start":{"line":39,"column":6},"end":{"line":41,"column":7}},"15":{"start":{"line":40,"column":8},"end":{"line":40,"column":68}},"16":{"start":{"line":43,"column":17},"end":{"line":45,"column":6}},"17":{"start":{"line":44,"column":6},"end":{"line":44,"column":40}},"18":{"start":{"line":46,"column":16},"end":{"line":48,"column":6}},"19":{"start":{"line":47,"column":6},"end":{"line":47,"column":39}},"20":{"start":{"line":49,"column":17},"end":{"line":49,"column":46}},"21":{"start":{"line":50,"column":17},"end":{"line":54,"column":5}},"22":{"start":{"line":51,"column":6},"end":{"line":53,"column":9}},"23":{"start":{"line":55,"column":4},"end":{"line":62,"column":6}},"24":{"start":{"line":65,"column":0},"end":{"line":65,"column":13}},"25":{"start":{"line":66,"column":0},"end":{"line":66,"column":62}},"26":{"start":{"line":67,"column":0},"end":{"line":67,"column":24}},"27":{"start":{"line":68,"column":12},"end":{"line":68,"column":26}},"28":{"start":{"line":69,"column":17},"end":{"line":69,"column":24}},"29":{"start":{"line":70,"column":17},"end":{"line":70,"column":24}},"30":{"start":{"line":71,"column":17},"end":{"line":71,"column":24}},"31":{"start":{"line":72,"column":17},"end":{"line":72,"column":40}},"32":{"start":{"line":73,"column":17},"end":{"line":73,"column":32}},"33":{"start":{"line":74,"column":17},"end":{"line":74,"column":30}},"34":{"start":{"line":75,"column":17},"end":{"line":75,"column":27}},"35":{"start":{"line":76,"column":31},"end":{"line":78,"column":20}},"36":{"start":{"line":79,"column":31},"end":{"line":81,"column":20}},"37":{"start":{"line":82,"column":18},"end":{"line":82,"column":33}},"38":{"start":{"line":83,"column":18},"end":{"line":83,"column":28}},"39":{"start":{"line":84,"column":32},"end":{"line":86,"column":20}},"40":{"start":{"line":87,"column":18},"end":{"line":87,"column":33}},"41":{"start":{"line":88,"column":32},"end":{"line":90,"column":20}},"42":{"start":{"line":91,"column":18},"end":{"line":91,"column":33}},"43":{"start":{"line":92,"column":18},"end":{"line":92,"column":33}},"44":{"start":{"line":94,"column":39},"end":{"line":94,"column":87}},"45":{"start":{"line":95,"column":33},"end":{"line":95,"column":75}},"46":{"start":{"line":96,"column":4},"end":{"line":188,"column":34}},"47":{"start":{"line":120,"column":74},"end":{"line":120,"column":114}},"48":{"start":{"line":190,"column":0},"end":{"line":190,"column":24}},"49":{"start":{"line":191,"column":1},"end":{"line":191,"column":48}}},"fnMap":{"0":{"name":"(anonymous_0)","decl":{"start":{"line":5,"column":54},"end":{"line":5,"column":55}},"loc":{"start":{"line":5,"column":69},"end":{"line":9,"column":1}},"line":5},"1":{"name":"(anonymous_1)","decl":{"start":{"line":31,"column":9},"end":{"line":31,"column":10}},"loc":{"start":{"line":31,"column":26},"end":{"line":63,"column":3}},"line":31},"2":{"name":"(anonymous_2)","decl":{"start":{"line":43,"column":37},"end":{"line":43,"column":38}},"loc":{"start":{"line":43,"column":49},"end":{"line":45,"column":5}},"line":43},"3":{"name":"(anonymous_3)","decl":{"start":{"line":46,"column":36},"end":{"line":46,"column":37}},"loc":{"start":{"line":46,"column":48},"end":{"line":48,"column":5}},"line":46},"4":{"name":"(anonymous_4)","decl":{"start":{"line":50,"column":17},"end":{"line":50,"column":18}},"loc":{"start":{"line":50,"column":29},"end":{"line":54,"column":5}},"line":50},"5":{"name":"render","decl":{"start":{"line":93,"column":9},"end":{"line":93,"column":15}},"loc":{"start":{"line":93,"column":30},"end":{"line":189,"column":1}},"line":93},"6":{"name":"(anonymous_6)","decl":{"start":{"line":120,"column":54},"end":{"line":120,"column":55}},"loc":{"start":{"line":120,"column":72},"end":{"line":120,"column":116}},"line":120}},"branchMap":{"0":{"loc":{"start":{"line":5,"column":22},"end":{"line":9,"column":1}},"type":"binary-expr","locations":[{"start":{"line":5,"column":22},"end":{"line":5,"column":26}},{"start":{"line":5,"column":30},"end":{"line":5,"column":50}},{"start":{"line":5,"column":54},"end":{"line":9,"column":1}}],"line":5},"1":{"loc":{"start":{"line":6,"column":9},"end":{"line":8,"column":3}},"type":"cond-expr","locations":[{"start":{"line":6,"column":33},"end":{"line":6,"column":36}},{"start":{"line":6,"column":39},"end":{"line":8,"column":3}}],"line":6},"2":{"loc":{"start":{"line":6,"column":9},"end":{"line":6,"column":30}},"type":"binary-expr","locations":[{"start":{"line":6,"column":9},"end":{"line":6,"column":12}},{"start":{"line":6,"column":16},"end":{"line":6,"column":30}}],"line":6},"3":{"loc":{"start":{"line":35,"column":4},"end":{"line":42,"column":5}},"type":"if","locations":[{"start":{"line":35,"column":4},"end":{"line":42,"column":5}},{"start":{},"end":{}}],"line":35},"4":{"loc":{"start":{"line":36,"column":6},"end":{"line":38,"column":7}},"type":"if","locations":[{"start":{"line":36,"column":6},"end":{"line":38,"column":7}},{"start":{},"end":{}}],"line":36},"5":{"loc":{"start":{"line":39,"column":6},"end":{"line":41,"column":7}},"type":"if","locations":[{"start":{"line":39,"column":6},"end":{"line":41,"column":7}},{"start":{},"end":{}}],"line":39},"6":{"loc":{"start":{"line":97,"column":8},"end":{"line":103,"column":57}},"type":"cond-expr","locations":[{"start":{"line":98,"column":15},"end":{"line":102,"column":47}},{"start":{"line":103,"column":14},"end":{"line":103,"column":57}}],"line":97},"7":{"loc":{"start":{"line":107,"column":12},"end":{"line":114,"column":61}},"type":"cond-expr","locations":[{"start":{"line":108,"column":19},"end":{"line":113,"column":52}},{"start":{"line":114,"column":18},"end":{"line":114,"column":61}}],"line":107},"8":{"loc":{"start":{"line":115,"column":12},"end":{"line":122,"column":61}},"type":"cond-expr","locations":[{"start":{"line":116,"column":19},"end":{"line":121,"column":75}},{"start":{"line":122,"column":18},"end":{"line":122,"column":61}}],"line":115},"9":{"loc":{"start":{"line":120,"column":28},"end":{"line":120,"column":117}},"type":"binary-expr","locations":[{"start":{"line":120,"column":28},"end":{"line":120,"column":37}},{"start":{"line":120,"column":42},"end":{"line":120,"column":116}}],"line":120},"10":{"loc":{"start":{"line":123,"column":12},"end":{"line":129,"column":61}},"type":"cond-expr","locations":[{"start":{"line":124,"column":19},"end":{"line":128,"column":51}},{"start":{"line":129,"column":18},"end":{"line":129,"column":61}}],"line":123},"11":{"loc":{"start":{"line":131,"column":16},"end":{"line":137,"column":65}},"type":"cond-expr","locations":[{"start":{"line":132,"column":23},"end":{"line":136,"column":54}},{"start":{"line":137,"column":22},"end":{"line":137,"column":65}}],"line":131},"12":{"loc":{"start":{"line":131,"column":17},"end":{"line":131,"column":56}},"type":"binary-expr","locations":[{"start":{"line":131,"column":17},"end":{"line":131,"column":41}},{"start":{"line":131,"column":45},"end":{"line":131,"column":56}}],"line":131},"13":{"loc":{"start":{"line":146,"column":16},"end":{"line":178,"column":65}},"type":"cond-expr","locations":[{"start":{"line":147,"column":23},"end":{"line":177,"column":22}},{"start":{"line":178,"column":22},"end":{"line":178,"column":65}}],"line":146},"14":{"loc":{"start":{"line":163,"column":24},"end":{"line":170,"column":73}},"type":"cond-expr","locations":[{"start":{"line":164,"column":31},"end":{"line":169,"column":30}},{"start":{"line":170,"column":30},"end":{"line":170,"column":73}}],"line":163},"15":{"loc":{"start":{"line":179,"column":16},"end":{"line":185,"column":65}},"type":"cond-expr","locations":[{"start":{"line":180,"column":23},"end":{"line":184,"column":56}},{"start":{"line":185,"column":22},"end":{"line":185,"column":65}}],"line":179}},"s":{"0":2,"1":2,"2":2,"3":2,"4":2,"5":2,"6":2,"7":2,"8":12,"9":12,"10":12,"11":12,"12":1,"13":1,"14":1,"15":1,"16":12,"17":12,"18":12,"19":12,"20":12,"21":12,"22":0,"23":12,"24":2,"25":2,"26":2,"27":2,"28":2,"29":2,"30":2,"31":2,"32":2,"33":2,"34":2,"35":2,"36":2,"37":2,"38":2,"39":2,"40":2,"41":2,"42":2,"43":2,"44":12,"45":12,"46":12,"47":0,"48":2,"49":2},"f":{"0":2,"1":12,"2":12,"3":12,"4":0,"5":12,"6":0},"b":{"0":[2,2,2],"1":[2,0],"2":[2,2],"3":[1,11],"4":[1,0],"5":[1,0],"6":[11,1],"7":[1,11],"8":[1,11],"9":[1,1],"10":[1,11],"11":[11,1],"12":[12,12],"13":[1,11],"14":[1,0],"15":[11,1]},"inputSourceMap":{"0":"{","1":"\"","2":"v","3":"e","4":"r","5":"s","6":"i","7":"o","8":"n","9":"\"","10":":","11":"3","12":",","13":"\"","14":"s","15":"o","16":"u","17":"r","18":"c","19":"e","20":"s","21":"\"","22":":","23":"[","24":"\"","25":"/","26":"U","27":"s","28":"e","29":"r","30":"s","31":"/","32":"f","33":"e","34":"d","35":"e","36":"r","37":"i","38":"c","39":"o","40":"s","41":"o","42":"s","43":"a","44":"/","45":"D","46":"o","47":"c","48":"u","49":"m","50":"e","51":"n","52":"t","53":"s","54":"/","55":"w","56":"o","57":"r","58":"k","59":"s","60":"p","61":"a","62":"c","63":"e","64":"/","65":"s","66":"a","67":"m","68":"p","69":"l","70":"e","71":"-","72":"a","73":"p","74":"p","75":"/","76":"s","77":"r","78":"c","79":"/","80":"c","81":"o","82":"m","83":"p","84":"o","85":"n","86":"e","87":"n","88":"t","89":"s","90":"/","91":"S","92":"h","93":"o","94":"w","95":"I","96":"n","97":"f","98":"o","99":".","100":"v","101":"u","102":"e","103":"\"","104":"]","105":",","106":"\"","107":"n","108":"a","109":"m","110":"e","111":"s","112":"\"","113":":","114":"[","115":"]","116":",","117":"\"","118":"m","119":"a","120":"p","121":"p","122":"i","123":"n","124":"g","125":"s","126":"\"","127":":","128":"\"","129":";","130":";","131":";","132":";","133":";","134":";","135":";","136":";","137":";","138":";","139":";","140":";","141":"A","142":"A","143":"i","144":"E","145":"A","146":";","147":"A","148":"A","149":"E","150":"A","151":";","152":"A","153":"A","154":"C","155":"A","156":";","157":"A","158":"A","159":"C","160":"A","161":";","162":"A","163":"A","164":"E","165":"A","166":",","167":"k","168":"B","169":"A","170":"A","171":"e","172":",","173":"y","174":"B","175":"A","176":"A","177":"e","178":",","179":"E","180":"A","181":"A","182":"C","183":";","184":"E","185":"A","186":"C","187":"3","188":"B","189":",","190":"U","191":"A","192":"A","193":"U","194":",","195":"E","196":"A","197":"A","198":"E","199":";","200":"I","201":"A","202":"C","203":"R","204":",","205":"W","206":"A","207":"A","208":"W","209":";","210":"G","211":"A","212":"C","213":"d","214":";","215":"E","216":"A","217":"C","218":"D","219":",","220":"K","221":"A","222":"A","223":"K","224":",","225":"E","226":"A","227":"A","228":"E","229":";","230":"I","231":"A","232":"C","233":"H","234":",","235":"I","236":"A","237":"A","238":"I","239":",","240":"E","241":"A","242":"A","243":"E","244":";","245":"M","246":"A","247":"C","248":"F","249":",","250":"I","251":"A","252":"A","253":"I","254":",","255":"E","256":"A","257":"A","258":"E","259":",","260":"M","261":"A","262":"A","263":"o","264":"B","265":";","266":"M","267":"A","268":"C","269":"1","270":"B","271":",","272":"Q","273":"A","274":"A","275":"Q","276":",","277":"E","278":"A","279":"A","280":"E","281":";","282":"K","283":"A","284":"C","285":"b","286":";","287":"I","288":"A","289":"C","290":"D","291":",","292":"O","293":"A","294":"A","295":"O","296":",","297":"E","298":"A","299":"A","300":"E","301":";","302":"M","303":"A","304":"C","305":"L","306":",","307":"I","308":"A","309":"A","310":"I","311":",","312":"E","313":"A","314":"A","315":"E","316":",","317":"M","318":"A","319":"A","320":"M","321":";","322":"M","323":"A","324":"C","325":"Z","326":",","327":"Q","328":"A","329":"A","330":"Q","331":",","332":"E","333":"A","334":"A","335":"E","336":";","337":";","338":"G","339":"A","340":"E","341":"j","342":"B","343":";","344":"E","345":"A","346":"C","347":"D","348":",","349":"K","350":"A","351":"A","352":"K","353":",","354":"E","355":"A","356":"A","357":"L","358":",","359":"U","360":"A","361":"A","362":"M","363":",","364":"K","365":"A","366":"A","367":"K","368":";","369":"I","370":"A","371":"C","372":"P","373":",","374":"I","375":"A","376":"A","377":"M","378":",","379":"a","380":"A","381":"A","382":"a","383":",","384":"G","385":"A","386":"A","387":"G","388":",","389":"a","390":"A","391":"A","392":"G","393":",","394":"G","395":"A","396":"A","397":"U","398":";","399":"I","400":"A","401":"C","402":"n","403":"C","404":",","405":"I","406":"A","407":"A","408":"M","409":",","410":"S","411":"A","412":"A","413":"S","414":",","415":"G","416":"A","417":"A","418":"G","419":",","420":"a","421":"A","422":"A","423":"G","424":",","425":"G","426":"A","427":"A","428":"U","429":";","430":"I","431":"A","432":"C","433":"/","434":"B","435":",","436":"I","437":"A","438":"A","439":"M","440":",","441":"k","442":"B","443":"A","444":"A","445":"k","446":"B","447":",","448":"G","449":"A","450":"A","451":"G","452":",","453":"a","454":"A","455":"A","456":"G","457":",","458":"E","459":"A","460":"A","461":"U","462":",","463":"K","464":"A","465":"A","466":"K","467":",","468":"C","469":"A","470":"A","471":"C","472":";","473":"I","474":"A","475":"E","476":"9","477":"C","478":",","479":"I","480":"A","481":"A","482":"I","483":",","484":"K","485":"A","486":"A","487":"K","488":",","489":"C","490":"A","491":"A","492":"C","493":",","494":"O","495":"A","496":"A","497":"O","498":",","499":"K","500":"A","501":"A","502":"K","503":",","504":"O","505":"A","506":"A","507":"O","508":",","509":"E","510":"A","511":"A","512":"E","513":";","514":"M","515":"A","516":"C","517":"3","518":"B","519":",","520":"I","521":"A","522":"A","523":"I","524":",","525":"K","526":"A","527":"A","528":"K","529":",","530":"C","531":"A","532":"A","533":"C","534":",","535":"I","536":"A","537":"A","538":"I","539":",","540":"C","541":"A","542":"A","543":"C","544":",","545":"S","546":"A","547":"A","548":"S","549":",","550":"E","551":"A","552":"A","553":"E","554":";","555":"Q","556":"A","557":"C","558":"t","559":"B","560":",","561":"a","562":"A","563":"A","564":"a","565":",","566":"C","567":"A","568":"A","569":"C","570":",","571":"K","572":"A","573":"A","574":"K","575":",","576":"G","577":"A","578":"A","579":"G","580":",","581":"s","582":"B","583":"A","584":"A","585":"U","586":",","587":"E","588":"A","589":"A","590":"C","591":",","592":"K","593":"A","594":"A","595":"K","596":",","597":"C","598":"A","599":"A","600":"C","601":",","602":"I","603":"A","604":"A","605":"I","606":",","607":"C","608":"A","609":"A","610":"C","611":",","612":"S","613":"A","614":"A","615":"S","616":",","617":"C","618":"A","619":"A","620":"C","621":";","622":";","623":"M","624":"A","625":"G","626":"1","627":"D","628":",","629":"I","630":"A","631":"A","632":"I","633":",","634":"K","635":"A","636":"A","637":"K","638":",","639":"C","640":"A","641":"A","642":"C","643":",","644":"I","645":"A","646":"A","647":"I","648":",","649":"C","650":"A","651":"A","652":"C","653":",","654":"K","655":"A","656":"A","657":"K","658":",","659":"E","660":"A","661":"A","662":"E","663":";","664":"Q","665":"A","666":"C","667":"l","668":"B","669":",","670":"S","671":"A","672":"A","673":"S","674":",","675":"C","676":"A","677":"A","678":"C","679":",","680":"K","681":"A","682":"A","683":"K","684":",","685":"G","686":"A","687":"A","688":"G","689":",","690":"s","691":"B","692":"A","693":"A","694":"U","695":",","696":"E","697":"A","698":"A","699":"C","700":",","701":"K","702":"A","703":"A","704":"K","705":",","706":"C","707":"A","708":"A","709":"C","710":",","711":"I","712":"A","713":"A","714":"I","715":",","716":"C","717":"A","718":"A","719":"C","720":",","721":"K","722":"A","723":"A","724":"K","725":",","726":"C","727":"A","728":"A","729":"C","730":";","731":";","732":";","733":"I","734":"A","735":"I","736":"t","737":"D","738":",","739":"I","740":"A","741":"A","742":"M","743":",","744":"M","745":"A","746":"A","747":"M","748":",","749":"G","750":"A","751":"A","752":"G","753":",","754":"k","755":"B","756":"A","757":"A","758":"Q","759":",","760":"E","761":"A","762":"A","763":"U","764":";","765":"M","766":"A","767":"A","768":"M","769":",","770":"Y","771":"A","772":"A","773":"K","774":",","775":"C","776":"A","777":"A","778":"C","779":",","780":"O","781":"A","782":"A","783":"O","784":",","785":"K","786":"A","787":"A","788":"K","789":",","790":"Q","791":"A","792":"A","793":"Q","794":";","795":"I","796":"A","797":"A","798":"1","799":"B","800":",","801":"C","802":"A","803":"A","804":"0","805":"B","806":",","807":"C","808":"A","809":"A","810":"C","811":";","812":"I","813":"A","814":"C","815":"l","816":"E","817":",","818":"I","819":"A","820":"A","821":"M","822":",","823":"K","824":"A","825":"A","826":"K","827":",","828":"G","829":"A","830":"A","831":"G","832":",","833":"k","834":"B","835":"A","836":"A","837":"Q","838":",","839":"E","840":"A","841":"A","842":"U","843":";","844":"M","845":"A","846":"A","847":"M","848":",","849":"Y","850":"A","851":"A","852":"K","853":",","854":"C","855":"A","856":"A","857":"C","858":",","859":"O","860":"A","861":"A","862":"O","863":",","864":"K","865":"A","866":"A","867":"K","868":",","869":"O","870":"A","871":"A","872":"O","873":";","874":"I","875":"A","876":"A","877":"z","878":"B","879":",","880":"C","881":"A","882":"A","883":"y","884":"B","885":",","886":"C","887":"A","888":"A","889":"C","890":";","891":"I","892":"A","893":"C","894":"h","895":"E","896":",","897":"I","898":"A","899":"A","900":"M","901":",","902":"M","903":"A","904":"A","905":"M","906":",","907":"G","908":"A","909":"A","910":"G","911":",","912":"0","913":"B","914":"A","915":"A","916":"S","917":",","918":"G","919":"A","920":"A","921":"E","922":";","923":"I","924":"A","925":"E","926":"1","927":"B","928":",","929":"I","930":"A","931":"A","932":"M","933":",","934":"M","935":"A","936":"A","937":"M","938":",","939":"G","940":"A","941":"A","942":"G","943":";","944":"M","945":"A","946":"C","947":"X","948":",","949":"M","950":"A","951":"A","952":"M","953":",","954":"C","955":"A","956":"A","957":"C","958":",","959":"I","960":"A","961":"A","962":"I","963":",","964":"C","965":"A","966":"A","967":"C","968":";","969":"Q","970":"A","971":"A","972":"E","973":",","974":"I","975":"A","976":"A","977":"I","978":",","979":"E","980":"A","981":"A","982":"E","983":";","984":"M","985":"A","986":"A","987":"M","988":",","989":"C","990":"A","991":"A","992":"E","993":",","994":"C","995":"A","996":"A","997":"C","998":";","999":"I","1000":"A","1001":"C","1002":"j","1003":"C","1004":",","1005":"C","1006":"A","1007":"A","1008":"C","1009":";","1010":"I","1011":"A","1012":"E","1013":"D","1014":",","1015":"O","1016":"A","1017":"A","1018":"O","1019":";","1020":"M","1021":"A","1022":"C","1023":"H","1024":",","1025":"M","1026":"A","1027":"A","1028":"M","1029":";","1030":"M","1031":"A","1032":"C","1033":"N","1034":",","1035":"K","1036":"A","1037":"A","1038":"K","1039":";","1040":"M","1041":"A","1042":"C","1043":"L","1044":",","1045":"S","1046":"A","1047":"A","1048":"S","1049":";","1050":"M","1051":"A","1052":"C","1053":"T","1054":",","1055":"a","1056":"A","1057":"A","1058":"a","1059":";","1060":"M","1061":"A","1062":"C","1063":"b","1064":",","1065":"k","1066":"B","1067":"A","1068":"A","1069":"k","1070":"B","1071":";","1072":"M","1073":"A","1074":"C","1075":"l","1076":"B","1077":",","1078":"M","1079":"A","1080":"A","1081":"M","1082":";","1083":"K","1084":"A","1085":"C","1086":"T","1087":";","1088":"E","1089":"A","1090":"C","1091":"L","1092":";","1093":"C","1094":"A","1095":"C","1096":"H","1097":",","1098":"C","1099":"A","1100":"A","1101":"C","1102":"\"","1103":",","1104":"\"","1105":"f","1106":"i","1107":"l","1108":"e","1109":"\"","1110":":","1111":"\"","1112":"/","1113":"U","1114":"s","1115":"e","1116":"r","1117":"s","1118":"/","1119":"f","1120":"e","1121":"d","1122":"e","1123":"r","1124":"i","1125":"c","1126":"o","1127":"s","1128":"o","1129":"s","1130":"a","1131":"/","1132":"D","1133":"o","1134":"c","1135":"u","1136":"m","1137":"e","1138":"n","1139":"t","1140":"s","1141":"/","1142":"w","1143":"o","1144":"r","1145":"k","1146":"s","1147":"p","1148":"a","1149":"c","1150":"e","1151":"/","1152":"s","1153":"a","1154":"m","1155":"p","1156":"l","1157":"e","1158":"-","1159":"a","1160":"p","1161":"p","1162":"/","1163":"s","1164":"r","1165":"c","1166":"/","1167":"c","1168":"o","1169":"m","1170":"p","1171":"o","1172":"n","1173":"e","1174":"n","1175":"t","1176":"s","1177":"/","1178":"S","1179":"h","1180":"o","1181":"w","1182":"I","1183":"n","1184":"f","1185":"o","1186":".","1187":"v","1188":"u","1189":"e","1190":"\"","1191":",","1192":"\"","1193":"s","1194":"o","1195":"u","1196":"r","1197":"c","1198":"e","1199":"s","1200":"C","1201":"o","1202":"n","1203":"t","1204":"e","1205":"n","1206":"t","1207":"\"","1208":":","1209":"[","1210":"\"","1211":"<","1212":"t","1213":"e","1214":"m","1215":"p","1216":"l","1217":"a","1218":"t","1219":"e","1220":">","1221":"\\","1222":"n","1223":" ","1224":" ","1225":" ","1226":" ","1227":"<","1228":"i","1229":"m","1230":"g","1231":" ","1232":"v","1233":"-","1234":"i","1235":"f","1236":"=","1237":"\\","1238":"\"","1239":"s","1240":"l","1241":"i","1242":"d","1243":"e","1244":"r","1245":"\\","1246":"\"","1247":" ","1248":":","1249":"s","1250":"r","1251":"c","1252":"=","1253":"\\","1254":"\"","1255":"s","1256":"h","1257":"o","1258":"w","1259":".","1260":"i","1261":"m","1262":"a","1263":"g","1264":"e","1265":".","1266":"m","1267":"e","1268":"d","1269":"i","1270":"u","1271":"m","1272":"\\","1273":"\"","1274":" ","1275":"c","1276":"l","1277":"a","1278":"s","1279":"s","1280":"=","1281":"\\","1282":"\"","1283":"p","1284":"i","1285":"c","1286":"t","1287":"u","1288":"r","1289":"e","1290":"_","1291":"_","1292":"s","1293":"l","1294":"i","1295":"d","1296":"e","1297":"r","1298":"\\","1299":"\"","1300":" ","1301":"/","1302":">","1303":"\\","1304":"n","1305":" ","1306":" ","1307":" ","1308":" ","1309":"\\","1310":"n","1311":" ","1312":" ","1313":" ","1314":" ","1315":"<","1316":"d","1317":"i","1318":"v","1319":" ","1320":"c","1321":"l","1322":"a","1323":"s","1324":"s","1325":"=","1326":"\\","1327":"\"","1328":"s","1329":"h","1330":"o","1331":"w","1332":"_","1333":"_","1334":"i","1335":"n","1336":"f","1337":"o","1338":"\\","1339":"\"","1340":" ","1341":":","1342":"c","1343":"l","1344":"a","1345":"s","1346":"s","1347":"=","1348":"\\","1349":"\"","1350":"{","1351":" ","1352":"'","1353":"s","1354":"h","1355":"o","1356":"w","1357":"_","1358":"_","1359":"i","1360":"n","1361":"f","1362":"o","1363":"_","1364":"_","1365":"s","1366":"l","1367":"i","1368":"d","1369":"e","1370":"r","1371":"'","1372":":","1373":" ","1374":"s","1375":"l","1376":"i","1377":"d","1378":"e","1379":"r","1380":",","1381":" ","1382":"'","1383":"s","1384":"h","1385":"o","1386":"w","1387":"_","1388":"_","1389":"i","1390":"n","1391":"f","1392":"o","1393":"_","1394":"_","1395":"l","1396":"a","1397":"r","1398":"g","1399":"e","1400":"'","1401":":","1402":" ","1403":"l","1404":"a","1405":"r","1406":"g","1407":"e","1408":" ","1409":"}","1410":"\\","1411":"\"","1412":">","1413":"\\","1414":"n","1415":" ","1416":" ","1417":" ","1418":" ","1419":" ","1420":" ","1421":" ","1422":" ","1423":"<","1424":"f","1425":"o","1426":"n","1427":"t","1428":"-","1429":"a","1430":"w","1431":"e","1432":"s","1433":"o","1434":"m","1435":"e","1436":"-","1437":"i","1438":"c","1439":"o","1440":"n","1441":"\\","1442":"n","1443":" ","1444":" ","1445":" ","1446":" ","1447":" ","1448":" ","1449":" ","1450":" ","1451":" ","1452":" ","1453":" ","1454":" ","1455":"v","1456":"-","1457":"i","1458":"f","1459":"=","1460":"\\","1461":"\"","1462":"l","1463":"a","1464":"r","1465":"g","1466":"e","1467":"\\","1468":"\"","1469":"\\","1470":"n","1471":" ","1472":" ","1473":" ","1474":" ","1475":" ","1476":" ","1477":" ","1478":" ","1479":" ","1480":" ","1481":" ","1482":" ","1483":"c","1484":"l","1485":"a","1486":"s","1487":"s","1488":"=","1489":"\\","1490":"\"","1491":"g","1492":"o","1493":"-","1494":"b","1495":"a","1496":"c","1497":"k","1498":"\\","1499":"\"","1500":"\\","1501":"n","1502":" ","1503":" ","1504":" ","1505":" ","1506":" ","1507":" ","1508":" ","1509":" ","1510":" ","1511":" ","1512":" ","1513":" ","1514":":","1515":"i","1516":"c","1517":"o","1518":"n","1519":"=","1520":"\\","1521":"\"","1522":"[","1523":"'","1524":"f","1525":"a","1526":"s","1527":"'","1528":",","1529":" ","1530":"'","1531":"a","1532":"r","1533":"r","1534":"o","1535":"w","1536":"-","1537":"l","1538":"e","1539":"f","1540":"t","1541":"'","1542":"]","1543":"\\","1544":"\"","1545":"\\","1546":"n","1547":" ","1548":" ","1549":" ","1550":" ","1551":" ","1552":" ","1553":" ","1554":" ","1555":" ","1556":" ","1557":" ","1558":" ","1559":"@","1560":"c","1561":"l","1562":"i","1563":"c","1564":"k","1565":"=","1566":"\\","1567":"\"","1568":"g","1569":"o","1570":"B","1571":"a","1572":"c","1573":"k","1574":"\\","1575":"\"","1576":"\\","1577":"n","1578":" ","1579":" ","1580":" ","1581":" ","1582":" ","1583":" ","1584":" ","1585":" ","1586":"/","1587":">","1588":"\\","1589":"n","1590":"\\","1591":"n","1592":" ","1593":" ","1594":" ","1595":" ","1596":" ","1597":" ","1598":" ","1599":" ","1600":"<","1601":"i","1602":"m","1603":"g","1604":"\\","1605":"n","1606":" ","1607":" ","1608":" ","1609":" ","1610":" ","1611":" ","1612":" ","1613":" ","1614":" ","1615":" ","1616":" ","1617":" ","1618":"v","1619":"-","1620":"i","1621":"f","1622":"=","1623":"\\","1624":"\"","1625":"l","1626":"a","1627":"r","1628":"g","1629":"e","1630":"\\","1631":"\"","1632":"\\","1633":"n","1634":" ","1635":" ","1636":" ","1637":" ","1638":" ","1639":" ","1640":" ","1641":" ","1642":" 
[...]
,"14":1,"15":1,"16":0,"17":0,"18":1,"19":1,"20":1,"21":1,"22":1,"23":1,"24":2,"25":2,"26":1,"27":1},"f":{"0":2,"1":1,"2":2,"3":2,"4":0,"5":2},"b":{"0":[1,1,1],"1":[2,0],"2":[2,2],"3":[0,0],"4":[1,1],"5":[2,1]},"inputSourceMap":{"0":"{","1":"\"","2":"v","3":"e","4":"r","5":"s","6":"i","7":"o","8":"n","9":"\"","10":":","11":"3","12":",","13":"\"","14":"s","15":"o","16":"u","17":"r","18":"c","19":"e","20":"s","21":"\"","22":":","23":"[","24":"\"","25":"/","26":"U","27":"s","28":"e","29":"r","30":"s","31":"/","32":"f","33":"e","34":"d","35":"e","36":"r","37":"i","38":"c","39":"o","40":"s","41":"o","42":"s","43":"a","44":"/","45":"D","46":"o","47":"c","48":"u","49":"m","50":"e","51":"n","52":"t","53":"s","54":"/","55":"w","56":"o","57":"r","58":"k","59":"s","60":"p","61":"a","62":"c","63":"e","64":"/","65":"s","66":"a","67":"m","68":"p","69":"l","70":"e","71":"-","72":"a","73":"p","74":"p","75":"/","76":"s","77":"r","78":"c","79":"/","80":"v","81":"i","82":"e","83":"w","84":"s","85":"/","86":"S","87":"h","88":"o","89":"w","90":"V","91":"i","92":"e","93":"w","94":".","95":"v","96":"u","97":"e","98":"\"","99":"]","100":",","101":"\"","102":"n","103":"a","104":"m","105":"e","106":"s","107":"\"","108":":","109":"[","110":"]","111":",","112":"\"","113":"m","114":"a","115":"p","116":"p","117":"i","118":"n","119":"g","120":"s","121":"\"","122":":","123":"\"","124":";","125":";","126":";","127":";","128":";","129":";","130":";","131":";","132":";","133":";","134":"A","135":"A","136":"U","137":"A","138":";","139":"A","140":"A","141":"C","142":"A","143":";","144":"A","145":"A","146":"E","147":"A","148":";","149":"A","150":"A","151":"C","152":"A","153":";","154":"A","155":"A","156":"E","157":"A","158":",","159":"k","160":"B","161":"A","162":"A","163":"e","164":",","165":"y","166":"B","167":"A","168":"A","169":"e","170":",","171":"E","172":"A","173":"A","174":"C","175":";","176":"E","177":"A","178":"C","179":"3","180":"B","181":",","182":"U","183":"A","184":"A","185":"U","186":",","187":"E","188":"A","189":"A","190":"E","191":";","192":"I","193":"A","194":"C","195":"R","196":",","197":"Q","198":"A","199":"A","200":"Q","201":";","202":"G","203":"A","204":"C","205":"X","206":";","207":"E","208":"A","209":"C","210":"D","211":",","212":"K","213":"A","214":"A","215":"K","216":",","217":"E","218":"A","219":"A","220":"L","221":";","222":"I","223":"A","224":"C","225":"I","226":",","227":"I","228":"A","229":"A","230":"M","231":",","232":"K","233":"A","234":"A","235":"K","236":",","237":"G","238":"A","239":"A","240":"G","241":",","242":"y","243":"B","244":"A","245":"A","246":"Q","247":",","248":"G","249":"A","250":"A","251":"E","252":";","253":"I","254":"A","255":"C","256":"x","257":"B","258":",","259":"I","260":"A","261":"A","262":"M","263":",","264":"I","265":"A","266":"A","267":"I","268":",","269":"G","270":"A","271":"A","272":"G","273":",","274":"k","275":"B","276":"A","277":"A","278":"Q","279":",","280":"E","281":"A","282":"A","283":"O","284":";","285":"M","286":"A","287":"A","288":"M","289":",","290":"s","291":"B","292":"A","293":"A","294":"K","295":",","296":"C","297":"A","298":"A","299":"C","300":",","301":"O","302":"A","303":"A","304":"O","305":",","306":"C","307":"A","308":"A","309":"C","310":",","311":"e","312":"A","313":"A","314":"e","315":";","316":"I","317":"A","318":"A","319":"7","320":"B","321":",","322":"C","323":"A","324":"A","325":"6","326":"B","327":",","328":"C","329":"A","330":"A","331":"C","332":";","333":"I","334":"A","335":"C","336":"h","337":"E","338":",","339":"I","340":"A","341":"A","342":"M","343":",","344":"O","345":"A","346":"A","347":"O","348":",","349":"G","350":"A","351":"A","352":"G","353":",","354":"k","355":"B","356":"A","357":"A","358":"Q","359":",","360":"E","361":"A","362":"A","363":"U","364":";","365":"M","366":"A","367":"A","368":"M","369":",","370":"Q","371":"A","372":"A","373":"C","374":",","375":"I","376":"A","377":"A","378":"I","379":",","380":"C","381":"A","382":"A","383":"C","384":",","385":"K","386":"A","387":"A","388":"K","389":";","390":"I","391":"A","392":"A","393":"X","394":",","395":"C","396":"A","397":"A","398":"W","399":",","400":"C","401":"A","402":"A","403":"C","404":";","405":"I","406":"A","407":"E","408":"p","409":"D","410":",","411":"e","412":"A","413":"A","414":"K","415":",","416":"C","417":"A","418":"A","419":"C","420":",","421":"Q","422":"A","423":"A","424":"Q","425":",","426":"C","427":"A","428":"A","429":"C","430":",","431":"W","432":"A","433":"A","434":"W","435":",","436":"C","437":"A","438":"A","439":"C","440":";","441":"I","442":"A","443":"C","444":"3","445":"B","446":",","447":"e","448":"A","449":"A","450":"K","451":",","452":"C","453":"A","454":"A","455":"C","456":",","457":"Q","458":"A","459":"A","460":"Q","461":",","462":"C","463":"A","464":"A","465":"C","466":",","467":"Y","468":"A","469":"A","470":"Y","471":",","472":"E","473":"A","474":"A","475":"E","476":",","477":"K","478":"A","479":"A","480":"K","481":",","482":"C","483":"A","484":"A","485":"C","486":",","487":"M","488":"A","489":"A","490":"M","491":",","492":"C","493":"A","494":"A","495":"C","496":",","497":"E","498":"A","499":"A","500":"E","501":",","502":"C","503":"A","504":"A","505":"C","506":";","507":"I","508":"A","509":"E","510":"7","511":"C","512":",","513":"e","514":"A","515":"A","516":"K","517":",","518":"E","519":"A","520":"A","521":"C","522":",","523":"K","524":"A","525":"A","526":"K","527":",","528":"E","529":"A","530":"A","531":"E","532":",","533":"U","534":"A","535":"A","536":"C","537":",","538":"I","539":"A","540":"A","541":"I","542":";","543":"M","544":"A","545":"C","546":"d","547":",","548":"I","549":"A","550":"A","551":"I","552":",","553":"I","554":"A","555":"A","556":"I","557":",","558":"C","559":"A","560":"A","561":"C","562":",","563":"I","564":"A","565":"A","566":"I","567":",","568":"K","569":"A","570":"A","571":"K","572":",","573":"M","574":"A","575":"A","576":"M","577":",","578":"E","579":"A","580":"A","581":"E","582":";","583":"Q","584":"A","585":"C","586":"t","587":"B","588":",","589":"e","590":"A","591":"A","592":"K","593":",","594":"C","595":"A","596":"A","597":"C","598":",","599":"Q","600":"A","601":"A","602":"Q","603":",","604":"C","605":"A","606":"A","607":"C","608":",","609":"Y","610":"A","611":"A","612":"Y","613":",","614":"E","615":"A","616":"A","617":"E","618":",","619":"I","620":"A","621":"A","622":"I","623":",","624":"C","625":"A","626":"A","627":"C","628":",","629":"M","630":"A","631":"A","632":"M","633":",","634":"C","635":"A","636":"A","637":"C","638":",","639":"E","640":"A","641":"A","642":"E","643":",","644":"C","645":"A","646":"A","647":"C","648":";","649":";","650":"I","651":"A","652":"E","653":"p","654":"D","655":",","656":"C","657":"A","658":"A","659":"C","660":",","661":"C","662":"A","663":"A","664":"C","665":";","666":"I","667":"A","668":"E","669":"F","670":",","671":"O","672":"A","673":"A","674":"O","675":";","676":"M","677":"A","678":"A","679":"E","680":",","681":"O","682":"A","683":"A","684":"O","685":";","686":"M","687":"A","688":"A","689":"E","690":",","691":"I","692":"A","693":"A","694":"I","695":";","696":"I","697":"A","698":"A","699":"A","700":",","701":"C","702":"A","703":"A","704":"E","705":";","706":"E","707":"A","708":"C","709":"5","710":"B","711":";","712":"C","713":"A","714":"C","715":"H","716":",","717":"C","718":"A","719":"A","720":"C","721":"\"","722":",","723":"\"","724":"f","725":"i","726":"l","727":"e","728":"\"","729":":","730":"\"","731":"/","732":"U","733":"s","734":"e","735":"r","736":"s","737":"/","738":"f","739":"e","740":"d","741":"e","742":"r","743":"i","744":"c","745":"o","746":"s","747":"o","748":"s","749":"a","750":"/","751":"D","752":"o","753":"c","754":"u","755":"m","756":"e","757":"n","758":"t","759":"s","760":"/","761":"w","762":"o","763":"r","764":"k","765":"s","766":"p","767":"a","768":"c","769":"e","770":"/","771":"s","772":"a","773":"m","774":"p","775":"l","776":"e","777":"-","778":"a","779":"p","780":"p","781":"/","782":"s","783":"r","784":"c","785":"/","786":"v","787":"i","788":"e","789":"w","790":"s","791":"/","792":"S","793":"h","794":"o","795":"w","796":"V","797":"i","798":"e","799":"w","800":".","801":"v","802":"u","803":"e","804":"\"","805":",","806":"\"","807":"s","808":"o","809":"u","810":"r","811":"c","812":"e","813":"s","814":"C","815":"o","816":"n","817":"t","818":"e","819":"n","820":"t","821":"\"","822":":","823":"[","824":"\"","825":"<","826":"t","827":"e","828":"m","829":"p","830":"l","831":"a","832":"t","833":"e","834":">","835":"\\","836":"n","837":" ","838":" ","839":" ","840":" ","841":"<","842":"d","843":"i","844":"v","845":" ","846":"c","847":"l","848":"a","849":"s","850":"s","851":"=","852":"\\","853":"\"","854":"v","855":"i","856":"e","857":"w","858":" ","859":"s","860":"h","861":"o","862":"w","863":"_","864":"_","865":"v","866":"i","867":"e","868":"w","869":"\\","870":"\"","871":" ","872":"v","873":"-","874":"i","875":"f","876":"=","877":"\\","878":"\"","879":"!","880":"l","881":"o","882":"a","883":"d","884":"i","885":"n","886":"g","887":" ","888":"&","889":"&","890":" ","891":"s","892":"h","893":"o","894":"w","895":"\\","896":"\"","897":">","898":"\\","899":"n","900":" ","901":" ","902":" ","903":" ","904":" ","905":" ","906":" ","907":" ","908":"<","909":"S","910":"h","911":"o","912":"w","913":"I","914":"n","915":"f","916":"o","917":"\\","918":"n","919":" ","920":" ","921":" ","922":" ","923":" ","924":" ","925":" ","926":" ","927":" ","928":" ","929":" ","930":" ","931":":","932":"s","933":"h","934":"o","935":"w","936":"=","937":"\\","938":"\"","939":"s","940":"h","941":"o","942":"w","943":"\\","944":"\"","945":"\\","946":"n","947":" ","948":" ","949":" ","950":" ","951":" ","952":" ","953":" ","954":" ","955":" ","956":" ","957":" ","958":" ","959":"v","960":"a","961":"r","962":"i","963":"a","964":"n","965":"t","966":"=","967":"\\","968":"\"","969":"l","970":"a","971":"r","972":"g","973":"e","974":"\\","975":"\"","976":"\\","977":"n","978":" ","979":" ","980":" ","981":" ","982":" ","983":" ","984":" ","985":" ","986":"/","987":">","988":"\\","989":"n","990":" ","991":" ","992":" ","993":" ","994":"<","995":"/","996":"d","997":"i","998":"v","999":">","1000":"\\","1001":"n","1002":"<","1003":"/","1004":"t","1005":"e","1006":"m","1007":"p","1008":"l","1009":"a","1010":"t","1011":"e","1012":">","1013":"\\","1014":"n","1015":"\\","1016":"n","1017":"<","1018":"s","1019":"c","1020":"r","1021":"i","1022":"p","1023":"t","1024":" ","1025":"l","1026":"a","1027":"n","1028":"g","1029":"=","1030":"\\","1031":"\"","1032":"t","1033":"s","1034":"\\","1035":"\"","1036":">","1037":"\\","1038":"n","1039":"i","1040":"m","1041":"p","1042":"o","1043":"r","1044":"t","1045":" ","1046":"S","1047":"h","1048":"o","1049":"w","1050":"I","1051":"n","1052":"f","1053":"o","1054":" ","1055":"f","1056":"r","1057":"o","1058":"m","1059":" ","1060":"'","1061":"@","1062":"/","1063":"c","1064":"o","1065":"m","1066":"p","1067":"o","1068":"n","1069":"e","1070":"n","1071":"t","1072":"s","1073":"/","1074":"S","1075":"h","1076":"o","1077":"w","1078":"I","1079":"n","1080":"f","1081":"o","1082":".","1083":"v","1084":"u","1085":"e","1086":"'","1087":";","1088":"\\","1089":"n","1090":"i","1091":"m","1092":"p","1093":"o","1094":"r","1095":"t","1096":" ","1097":"{","1098":" ","1099":"d","1100":"e","1101":"f","1102":"i","1103":"n","1104":"e","1105":"C","1106":"o","1107":"m","1108":"p","1109":"o","1110":"n","1111":"e","1112":"n","1113":"t","1114":",","1115":" ","1116":"c","1117":"o","1118":"m","1119":"p","1120":"u","1121":"t","1122":"e","1123":"d","1124":",","1125":" ","1126":"w","1127":"a","1128":"t","1129":"c","1130":"h","1131":" ","1132":"}","1133":" ","1134":"f","1135":"r","1136":"o","1137":"m","1138":" ","1139":"'","1140":"v","1141":"u","1142":"e","1143":"'","1144":";","1145":"\\","1146":"n","1147":"i","1148":"m","1149":"p","1150":"o","1151":"r","1152":"t","1153":" ","1154":"{","1155":" ","1156":"S","1157":"h","1158":"o","1159":"w","1160":" ","1161":"}","1162":" ","1163":"f","1164":"r","1165":"o","1166":"m","1167":" ","1168":"'","1169":"@","1170":"/","1171":"t","1172":"y","1173":"p","1174":"e","1175":"s","1176":"'","1177":";","1178":"\\","1179":"n","1180":"i","1181":"m","1182":"p","1183":"o","1184":"r","1185":"t","1186":" ","1187":"{","1188":" ","1189":"u","1190":"s","1191":"e","1192":"R","1193":"o","1194":"u","1195":"t","1196":"e","1197":" ","1198":"}","1199":" ","1200":"f","1201":"r","1202":"o","1203":"m","1204":" ","1205":"'","1206":"v","1207":"u","1208":"e","1209":"-","1210":"r","1211":"o","1212":"u","1213":"t","1214":"e","1215":"r","1216":"'","1217":";","1218":"\\","1219":"n","1220":"i","1221":"m","1222":"p","1223":"o","1224":"r","1225":"t","1226":" ","1227":"s","1228":"t","1229":"o","1230":"r","1231":"e","1232":" ","1233":"f","1234":"r","1235":"o","1236":"m","1237":" ","1238":"'","1239":"@","1240":"/","1241":"s","1242":"t","1243":"o","1244":"r","1245":"e","1246":"'","1247":";","1248":"\\","1249":"n","1250":"\\","1251":"n","1252":"e","1253":"x","1254":"p","1255":"o","1256":"r","1257":"t","1258":" ","1259":"d","1260":"e","1261":"f","1262":"a","1263":"u","1264":"l","1265":"t","1266":" ","1267":"d","1268":"e","1269":"f","1270":"i","1271":"n","1272":"e","1273":"C","1274":"o","1275":"m","1276":"p","1277":"o","1278":"n","1279":"e","1280":"n","1281":"t","1282":"(","1283":"{","1284":"\\","1285":"n","1286":" ","1287":" ","1288":" ","1289":" ","1290":"c","1291":"o","1292":"m","1293":"p","1294":"o","1295":"n","1296":"e","1297":"n","1298":"t","1299":"s","1300":":","1301":" ","1302":"{","1303":"\\","1304":"n","1305":" ","1306":" ","1307":" ","1308":" ","1309":" ","1310":" ","1311":" ","1312":" ","1313":"S","1314":"h","1315":"o","1316":"w","1317":"I","1318":"n","1319":"f","1320":"o","1321":",","1322":"\\","1323":"n","1324":" ","1325":" ","1326":" ","1327":" ","1328":"}","1329":",","1330":"\\","1331":"n","1332":" ","1333":" ","1334":" ","1335":" ","1336":"s","1337":"e","1338":"t","1339":"u","1340":"p","1341":"(","1342":")","1343":" ","1344":"{","1345":"\\","1346":"n","1347":" ","1348":" ","1349":" ","1350":" ","1351":" ","1352":" ","1353":" ","1354":" ","1355":"c","1356":"o","1357":"n","1358":"s","1359":"t","1360":" ","1361":"r","1362":"o","1363":"u","1364":"t","1365":"e","1366":" ","1367":"=","1368":" ","1369":"u","1370":"s","1371":"e","1372":"R","1373":"o","1374":"u","1375":"t","1376":"e","1377":"(","1378":")","1379":";","1380":"\\","1381":"n","1382":" ","1383":" ","1384":" ","1385":" ","1386":" ","1387":" ","1388":" ","1389":" ","1390":"c","1391":"o","1392":"n","1393":"s","1394":"t","1395":" ","1396":"s","1397":"h","1398":"o","1399":"w","1400":" ","1401":"=","1402":" ","1403":"c","1404":"o","1405":"m","1406":"p","1407":"u","1408":"t","1409":"e","1410":"d","1411":"<","1412":"S","1413":"h","1414":"o","1415":"w","1416":">","1417":"(","1418":"(","1419":")","1420":" ","1421":"=","1422":">","1423":" ","1424":"s","1425":"t","1426":"o","1427":"r","1428":"e","1429":".","1430":"g","1431":"e","1432":"t","1433":"t","1434":"e","1435":"r","1436":"s","1437":".","1438":"g","1439":"e","1440":"t","1441":"S","1442":"e","1443":"l","1444":"e","1445":"c","1446":"t","1447":"e","1448":"d","1449":"S","1450":"h","1451":"o","1452":"w","1453":")","1454":";","1455":"\\","1456":"n","1457":" ","1458":" ","1459":" ","1460":" ","1461":" ","1462":" ","1463":" ","1464":" ","1465":"c","1466":"o","1467":"n","1468":"s","1469":"t","1470":" ","1471":"l","1472":"o","1473":"a","1474":"d","1475":"i","1476":"n","1477":"g","1478":" ","1479":"=","1480":" ","1481":"c","1482":"o","1483":"m","1484":"p","1485":"u","1486":"t","1487":"e","1488":"d","1489":"<","1490":"b","1491":"o","1492":"o","1493":"l","1494":"e","1495":"a","1496":"n","1497":">","1498":"(","1499":"(","1500":")","1501":" ","1502":"=","1503":">","1504":" ","1505":"!","1506":"s","1507":"h","1508":"o","1509":"w","1510":".","1511":"v","1512":"a","1513":"l","1514":"u","1515":"e","1516":")","1517":";","1518":"\\","1519":"n","1520":"\\","1521":"n","1522":" ","1523":" ","1524":" ","1525":" ","1526":" ","1527":" ","1528":" ","1529":" ","1530":"s","1531":"t","1532":"o","1533":"r","1534":"e","1535":".","1536":"d","1537":"i","1538":"s","1539":"p","1540":"a","1541":"t","1542":"c","1543":"h","1544":"(","1545":"'","1546":"l","1547":"o","1548":"a","1549":"d","1550":"S","1551":"h","1552":"o","1553":"w","1554":"s","1555":"'","1556":")","1557":";","1558":"\\","1559":"n","1560":" ","1561":" ","1562":" ","1563":" ","1564":" ","1565":" ","1566":" ","1567":" ","1568":"s","1569":"t","1570":"o","1571":"r","1572":"e","1573":".","1574":"d","1575":"i","1576":"s","1577":"p","1578":"a","1579":"t","1580":"c","1581":"h","1582":"(","1583":"'","1584":"s","1585":"e","1586":"l","1587":"e","1588":"c","1589":"t","1590":"S","1591":"h","1592":"o","1593":"w","1594":"'","1595":",","1596":" ","1597":"r","1598":"o","1599":"u","1600":"t","1601":"e","1602":".","1603":"p","1604":"a","1605":"r","1606":"a","1607":"m","1608":"s","1609":".","1610":"i","1611":"d","1612":")","1613":";","1614":"\\","1615":"n","1616":"\\","1617":"n","1618":" ","1619":" ","1620":" ","1621":" ","1622":" ","1623":" ","1624":" ","1625":" ","1626":"w","1627":"a","1628":"t","1629":"c","1630":"h","1631":"(","1632":"r","1633":"o","1634":"u","1635":"t","1636":"e","1637":",","1638":" ","1639":"(","1640":"c","1641":"u","1642":"r","1643":"r","1644":")","1645":" ","1646":"=","1647":">","1648":" ","1649":"{","1650":"\\","1651":"n","1652":" ","1653":" ","1654":" ","1655":" ","1656":" ","1657":" ","1658":" ","1659":" ","1660":" ","1661":" ","1662":" ","1663":" ","1664":"i","1665":"f","1666":" ","1667":"(","1668":"c","1669":"u","1670":"r","1671":"r","1672":".","1673":"n","1674":"a","1675":"m","1676":"e","1677":" ","1678":"=","1679":"=","1680":"=","1681":" ","1682":"'","1683":"s","1684":"h","1685":"o","1686":"w","1687":"'","1688":")","1689":" ","1690":"{","1691":"\\","1692":"n","1693":" ","1694":" ","1695":" ","1696":" ","1697":" ","1698":" ","1699":" ","1700":" ","1701":" ","1702":" ","1703":" ","1704":" ","1705":" ","1706":" ","1707":" ","1708":" ","1709":"s","1710":"t","1711":"o","1712":"r","1713":"e","1714":".","1715":"d","1716":"i","1717":"s","1718":"p","1719":"a","1720":"t","1721":"c","1722":"h","1723":"(","1724":"'","1725":"s","1726":"e","1727":"l","1728":"e","1729":"c","1730":"t","1731":"S","1732":"h","1733":"o","1734":"w","1735":"'","1736":",","1737":" ","1738":"c","1739":"u","1740":"r","1741":"r","1742":".","1743":"p","1744":"a","1745":"r","1746":"a","1747":"m","1748":"s","1749":".","1750":"i","1751":"d","1752":")","1753":";","1754":"\\","1755":"n","1756":" ","1757":" ","1758":" ","1759":" ","1760":" ","1761":" ","1762":" ","1763":" ","1764":" ","1765":" ","1766":" ","1767":" ","1768":"}","1769":"\\","1770":"n","1771":" ","1772":" ","1773":" ","1774":" ","1775":" ","1776":" ","1777":" ","1778":" ","1779":"}","1780":")","1781":";","1782":"\\","1783":"n","1784":"\\","1785":"n","1786":" ","1787":" ","1788":" ","1789":" ","1790":" ","1791":" ","1792":" ","1793":" ","1794":"r","1795":"e","1796":"t","1797":"u","1798":"r","1799":"n","1800":" ","1801":"{","1802":" ","1803":"l","1804":"o","1805":"a","1806":"d","1807":"i","1808":"n","1809":"g","1810":",","1811":" ","1812":"s","1813":"h","1814":"o","1815":"w","1816":" ","1817":"}","1818":";","1819":"\\","1820":"n","1821":" ","1822":" ","1823":" ","1824":" ","1825":"}","1826":",","1827":"\\","1828":"n","1829":"}","1830":")","1831":";","1832":"\\","1833":"n","1834":"<","1835":"/","1836":"s","1837":"c","1838":"r","1839":"i","1840":"p","1841":"t","1842":">","1843":"\\","1844":"n","1845":"\"","1846":"]","1847":"}"},"_coverageSchema":"1a1c01bbd47fc00a2c39e90264f33305004495a9","hash":"ba8a1a84058c3d4d5a1502d3b0f070bd1627a6d4"}
,"/Users/federicososa/Documents/workspace/sample-app/tests/fixtures/allShowsFixture.js": {"path":"/Users/federicososa/Documents/workspace/sample-app/tests/fixtures/allShowsFixture.js","statementMap":{},"fnMap":{},"branchMap":{},"s":{},"f":{},"b":{},"_coverageSchema":"1a1c01bbd47fc00a2c39e90264f33305004495a9","hash":"d5390851bab10347252dd2f2d4bc6a9b5609344f"}
}
