TN:
SF:src/components/RatingStars.vue
FN:19,(anonymous_0)
FN:35,render
FN:38,(anonymous_2)
FN:52,(anonymous_3)
FNF:4
FNH:4
FNDA:12,(anonymous_0)
FNDA:12,render
FNDA:88,(anonymous_2)
FNDA:20,(anonymous_3)
DA:3,2
DA:6,2
DA:7,2
DA:20,12
DA:21,12
DA:22,12
DA:23,12
DA:27,12
DA:31,2
DA:32,2
DA:33,2
DA:34,2
DA:36,12
DA:37,12
DA:39,88
DA:53,20
DA:65,2
DA:66,2
LF:18
LH:18
BRDA:45,0,0,12
BRDA:45,0,1,0
BRF:2
BRH:1
end_of_record
TN:
SF:src/components/ShowGallery.vue
FN:3,(anonymous_0)
FN:27,(anonymous_1)
FN:29,(anonymous_2)
FN:32,(anonymous_3)
FN:57,render
FN:67,(anonymous_5)
FN:72,(anonymous_6)
FN:81,(anonymous_7)
FNF:8
FNH:5
FNDA:1,(anonymous_0)
FNDA:4,(anonymous_1)
FNDA:8,(anonymous_2)
FNDA:0,(anonymous_3)
FNDA:8,render
FNDA:0,(anonymous_5)
FNDA:22,(anonymous_6)
FNDA:0,(anonymous_7)
DA:3,1
DA:4,1
DA:8,1
DA:11,1
DA:12,1
DA:13,1
DA:28,4
DA:29,4
DA:30,8
DA:32,4
DA:33,0
DA:34,0
DA:40,4
DA:47,1
DA:48,1
DA:49,1
DA:50,1
DA:51,1
DA:52,1
DA:53,1
DA:58,8
DA:59,8
DA:60,8
DA:67,0
DA:73,22
DA:81,0
DA:88,1
DA:89,1
LF:28
LH:24
BRDA:3,0,0,1
BRDA:3,0,1,1
BRDA:3,0,2,1
BRDA:4,1,0,1
BRDA:4,1,1,0
BRDA:4,2,0,1
BRDA:4,2,1,1
BRDA:30,3,0,8
BRDA:30,3,1,4
BRDA:33,4,0,0
BRDA:33,4,1,0
BRDA:35,5,0,0
BRDA:35,5,1,0
BRDA:67,6,0,8
BRDA:67,6,1,4
BRDA:81,7,0,8
BRDA:81,7,1,4
BRF:17
BRH:12
end_of_record
TN:
SF:src/components/ShowInfo.vue
FN:5,(anonymous_0)
FN:31,(anonymous_1)
FN:43,(anonymous_2)
FN:46,(anonymous_3)
FN:50,(anonymous_4)
FN:93,render
FN:120,(anonymous_6)
FNF:7
FNH:5
FNDA:2,(anonymous_0)
FNDA:12,(anonymous_1)
FNDA:12,(anonymous_2)
FNDA:12,(anonymous_3)
FNDA:0,(anonymous_4)
FNDA:12,render
FNDA:0,(anonymous_6)
DA:5,2
DA:6,2
DA:10,2
DA:13,2
DA:14,2
DA:15,2
DA:16,2
DA:17,2
DA:32,12
DA:33,12
DA:34,12
DA:35,12
DA:36,1
DA:37,1
DA:39,1
DA:40,1
DA:43,12
DA:44,12
DA:46,12
DA:47,12
DA:49,12
DA:50,12
DA:51,0
DA:55,12
DA:65,2
DA:66,2
DA:67,2
DA:68,2
DA:69,2
DA:70,2
DA:71,2
DA:72,2
DA:73,2
DA:74,2
DA:75,2
DA:76,2
DA:79,2
DA:82,2
DA:83,2
DA:84,2
DA:87,2
DA:88,2
DA:91,2
DA:92,2
DA:94,12
DA:95,12
DA:96,12
DA:120,0
DA:190,2
DA:191,2
LF:50
LH:48
BRDA:5,0,0,2
BRDA:5,0,1,2
BRDA:5,0,2,2
BRDA:6,1,0,2
BRDA:6,1,1,0
BRDA:6,2,0,2
BRDA:6,2,1,2
BRDA:35,3,0,1
BRDA:35,3,1,11
BRDA:36,4,0,1
BRDA:36,4,1,0
BRDA:39,5,0,1
BRDA:39,5,1,0
BRDA:97,6,0,11
BRDA:97,6,1,1
BRDA:107,7,0,1
BRDA:107,7,1,11
BRDA:115,8,0,1
BRDA:115,8,1,11
BRDA:120,9,0,1
BRDA:120,9,1,1
BRDA:123,10,0,1
BRDA:123,10,1,11
BRDA:131,11,0,11
BRDA:131,11,1,1
BRDA:131,12,0,12
BRDA:131,12,1,12
BRDA:146,13,0,1
BRDA:146,13,1,11
BRDA:163,14,0,1
BRDA:163,14,1,0
BRDA:179,15,0,11
BRDA:179,15,1,1
BRF:33
BRH:29
end_of_record
TN:
SF:src/components/ShowItem.vue
FN:5,(anonymous_0)
FN:26,(anonymous_1)
FN:28,(anonymous_2)
FN:45,render
FN:51,(anonymous_4)
FNF:5
FNH:3
FNDA:1,(anonymous_0)
FNDA:11,(anonymous_1)
FNDA:0,(anonymous_2)
FNDA:11,render
FNDA:0,(anonymous_4)
DA:5,1
DA:6,1
DA:10,1
DA:13,1
DA:14,1
DA:15,1
DA:16,1
DA:27,11
DA:28,11
DA:29,0
DA:36,11
DA:41,1
DA:42,1
DA:43,1
DA:44,1
DA:46,11
DA:47,11
DA:52,0
DA:53,0
DA:54,0
DA:56,0
DA:65,1
DA:66,1
LF:23
LH:18
BRDA:5,0,0,1
BRDA:5,0,1,1
BRDA:5,0,2,1
BRDA:6,1,0,1
BRDA:6,1,1,0
BRDA:6,2,0,1
BRDA:6,2,1,1
BRDA:49,3,0,11
BRDA:49,3,1,11
BRDA:56,4,0,0
BRDA:56,4,1,0
BRF:11
BRH:8
end_of_record
TN:
SF:src/store/index.ts
FN:14,(anonymous_0)
FN:17,(anonymous_1)
FN:22,(anonymous_2)
FN:25,(anonymous_3)
FN:30,(anonymous_4)
FN:40,(anonymous_5)
FNF:6
FNH:6
FNDA:2,(anonymous_0)
FNDA:2,(anonymous_1)
FNDA:1,(anonymous_2)
FNDA:2,(anonymous_3)
FNDA:1,(anonymous_4)
FNDA:2,(anonymous_5)
DA:1,2
DA:2,2
DA:4,2
DA:6,2
DA:11,2
DA:15,2
DA:18,2
DA:23,1
DA:26,2
DA:33,1
DA:34,1
DA:37,0
DA:43,2
DA:44,2
DA:46,0
DA:49,0
LF:16
LH:13
BRDA:32,0,0,1
BRDA:32,0,1,0
BRF:2
BRH:1
end_of_record
TN:
SF:src/ts/constants.ts
FNF:0
FNH:0
DA:1,2
LF:1
LH:1
BRF:0
BRH:0
end_of_record
TN:
SF:src/ts/utils.ts
FN:3,formatDate
FN:7,request
FN:13,shuffle
FN:14,(anonymous_3)
FNF:4
FNH:4
FNDA:2,formatDate
FNDA:3,request
FNDA:4,shuffle
FNDA:47,(anonymous_3)
DA:1,2
DA:3,2
DA:4,2
DA:7,2
DA:8,3
DA:9,3
DA:13,2
DA:14,47
LF:8
LH:8
BRF:0
BRH:0
end_of_record
TN:
SF:src/views/HomeView.vue
FN:5,(anonymous_0)
FN:21,(anonymous_1)
FN:23,(anonymous_2)
FN:26,(anonymous_3)
FN:29,(anonymous_4)
FN:33,(anonymous_5)
FN:34,(anonymous_6)
FN:39,(anonymous_7)
FN:55,(anonymous_8)
FN:56,(anonymous_9)
FN:57,(anonymous_10)
FN:69,render
FN:78,(anonymous_12)
FN:86,(anonymous_13)
FNF:14
FNH:12
FNDA:2,(anonymous_0)
FNDA:1,(anonymous_1)
FNDA:2,(anonymous_2)
FNDA:2,(anonymous_3)
FNDA:2,(anonymous_4)
FNDA:4,(anonymous_5)
FNDA:40,(anonymous_6)
FNDA:0,(anonymous_7)
FNDA:2,(anonymous_8)
FNDA:10,(anonymous_9)
FNDA:30,(anonymous_10)
FNDA:2,render
FNDA:0,(anonymous_12)
FNDA:4,(anonymous_13)
DA:5,1
DA:6,2
DA:10,1
DA:13,1
DA:14,1
DA:15,1
DA:16,1
DA:17,1
DA:22,1
DA:23,1
DA:24,2
DA:26,1
DA:27,2
DA:29,1
DA:30,2
DA:32,1
DA:33,1
DA:34,4
DA:35,40
DA:39,1
DA:40,0
DA:41,0
DA:42,0
DA:45,1
DA:55,1
DA:56,2
DA:57,10
DA:58,30
DA:59,12
DA:62,10
DA:65,1
DA:66,1
DA:67,1
DA:68,1
DA:70,2
DA:71,2
DA:79,0
DA:80,0
DA:81,0
DA:83,0
DA:87,4
DA:96,1
DA:97,1
LF:43
LH:36
BRDA:5,0,0,1
BRDA:5,0,1,1
BRDA:5,0,2,1
BRDA:6,1,0,2
BRDA:6,1,1,0
BRDA:6,2,0,2
BRDA:6,2,1,2
BRDA:41,3,0,0
BRDA:41,3,1,0
BRDA:58,4,0,12
BRDA:58,4,1,18
BRDA:71,5,0,1
BRDA:71,5,1,1
BRDA:76,6,0,1
BRDA:76,6,1,1
BRDA:83,7,0,0
BRDA:83,7,1,0
BRF:17
BRH:12
end_of_record
TN:
SF:src/views/ShowView.vue
FN:3,(anonymous_0)
FN:19,(anonymous_1)
FN:21,(anonymous_2)
FN:24,(anonymous_3)
FN:29,(anonymous_4)
FN:48,render
FNF:6
FNH:5
FNDA:2,(anonymous_0)
FNDA:1,(anonymous_1)
FNDA:2,(anonymous_2)
FNDA:2,(anonymous_3)
FNDA:0,(anonymous_4)
FNDA:2,render
DA:3,1
DA:4,2
DA:8,1
DA:11,1
DA:12,1
DA:13,1
DA:14,1
DA:15,1
DA:20,1
DA:21,1
DA:22,2
DA:24,1
DA:25,2
DA:27,1
DA:28,1
DA:29,1
DA:30,0
DA:31,0
DA:34,1
DA:40,1
DA:41,1
DA:42,1
DA:43,1
DA:44,1
DA:49,2
DA:50,2
DA:59,1
DA:60,1
LF:28
LH:26
BRDA:3,0,0,1
BRDA:3,0,1,1
BRDA:3,0,2,1
BRDA:4,1,0,2
BRDA:4,1,1,0
BRDA:4,2,0,2
BRDA:4,2,1,2
BRDA:30,3,0,0
BRDA:30,3,1,0
BRDA:50,4,0,1
BRDA:50,4,1,1
BRDA:50,5,0,2
BRDA:50,5,1,1
BRF:13
BRH:10
end_of_record
TN:
SF:tests/fixtures/allShowsFixture.js
FNF:0
FNH:0
LF:0
LH:0
BRF:0
BRH:0
end_of_record
